
> Task :dependencies

------------------------------------------------------------
Root project 'orderjoin' - orderjoin
------------------------------------------------------------

annotationProcessor - Annotation processors and their dependencies for source set 'main'.
No dependencies

apiElements - API elements for main. (n)
No dependencies

archives - Configuration for archive artifacts. (n)
No dependencies

bootArchives - Configuration for Spring Boot archive artifacts. (n)
No dependencies

compileClasspath - Compile classpath for source set 'main'.
+--- com.fasterxml.jackson.core:jackson-databind:2.13.0 -> 2.13.2.1
|    +--- com.fasterxml.jackson.core:jackson-annotations:2.13.2
|    |    \--- com.fasterxml.jackson:jackson-bom:2.13.2 -> 2.13.2.1
|    |         +--- com.fasterxml.jackson.core:jackson-annotations:2.13.2 (c)
|    |         +--- com.fasterxml.jackson.core:jackson-core:2.13.2 (c)
|    |         +--- com.fasterxml.jackson.core:jackson-databind:2.13.2.1 (c)
|    |         +--- com.fasterxml.jackson.datatype:jackson-datatype-jdk8:2.13.2 (c)
|    |         +--- com.fasterxml.jackson.datatype:jackson-datatype-jsr310:2.13.2 (c)
|    |         \--- com.fasterxml.jackson.module:jackson-module-parameter-names:2.13.2 (c)
|    +--- com.fasterxml.jackson.core:jackson-core:2.13.2
|    |    \--- com.fasterxml.jackson:jackson-bom:2.13.2 -> 2.13.2.1 (*)
|    \--- com.fasterxml.jackson:jackson-bom:2.13.2.1 (*)
+--- org.springframework.boot:spring-boot-starter-web:2.6.7
|    +--- org.springframework.boot:spring-boot-starter:2.6.7
|    |    +--- org.springframework.boot:spring-boot:2.6.7
|    |    |    +--- org.springframework:spring-core:5.3.19 -> 5.3.22
|    |    |    |    \--- org.springframework:spring-jcl:5.3.22
|    |    |    \--- org.springframework:spring-context:5.3.19 -> 5.3.22
|    |    |         +--- org.springframework:spring-aop:5.3.22
|    |    |         |    +--- org.springframework:spring-beans:5.3.22
|    |    |         |    |    \--- org.springframework:spring-core:5.3.22 (*)
|    |    |         |    \--- org.springframework:spring-core:5.3.22 (*)
|    |    |         +--- org.springframework:spring-beans:5.3.22 (*)
|    |    |         +--- org.springframework:spring-core:5.3.22 (*)
|    |    |         \--- org.springframework:spring-expression:5.3.22
|    |    |              \--- org.springframework:spring-core:5.3.22 (*)
|    |    +--- org.springframework.boot:spring-boot-autoconfigure:2.6.7
|    |    |    \--- org.springframework.boot:spring-boot:2.6.7 (*)
|    |    +--- org.springframework.boot:spring-boot-starter-logging:2.6.7
|    |    |    +--- ch.qos.logback:logback-classic:1.2.11
|    |    |    |    +--- ch.qos.logback:logback-core:1.2.11
|    |    |    |    \--- org.slf4j:slf4j-api:1.7.32 -> 1.7.36
|    |    |    +--- org.apache.logging.log4j:log4j-to-slf4j:2.17.2
|    |    |    |    +--- org.slf4j:slf4j-api:1.7.35 -> 1.7.36
|    |    |    |    \--- org.apache.logging.log4j:log4j-api:2.17.2
|    |    |    \--- org.slf4j:jul-to-slf4j:1.7.36
|    |    |         \--- org.slf4j:slf4j-api:1.7.36
|    |    +--- jakarta.annotation:jakarta.annotation-api:1.3.5
|    |    +--- org.springframework:spring-core:5.3.19 -> 5.3.22 (*)
|    |    \--- org.yaml:snakeyaml:1.29
|    +--- org.springframework.boot:spring-boot-starter-json:2.6.7
|    |    +--- org.springframework.boot:spring-boot-starter:2.6.7 (*)
|    |    +--- org.springframework:spring-web:5.3.19
|    |    |    +--- org.springframework:spring-beans:5.3.19 -> 5.3.22 (*)
|    |    |    \--- org.springframework:spring-core:5.3.19 -> 5.3.22 (*)
|    |    +--- com.fasterxml.jackson.core:jackson-databind:2.13.2.1 (*)
|    |    +--- com.fasterxml.jackson.datatype:jackson-datatype-jdk8:2.13.2
|    |    |    +--- com.fasterxml.jackson.core:jackson-core:2.13.2 (*)
|    |    |    +--- com.fasterxml.jackson.core:jackson-databind:2.13.2 -> 2.13.2.1 (*)
|    |    |    \--- com.fasterxml.jackson:jackson-bom:2.13.2 -> 2.13.2.1 (*)
|    |    +--- com.fasterxml.jackson.datatype:jackson-datatype-jsr310:2.13.2
|    |    |    +--- com.fasterxml.jackson.core:jackson-annotations:2.13.2 (*)
|    |    |    +--- com.fasterxml.jackson.core:jackson-core:2.13.2 (*)
|    |    |    +--- com.fasterxml.jackson.core:jackson-databind:2.13.2 -> 2.13.2.1 (*)
|    |    |    \--- com.fasterxml.jackson:jackson-bom:2.13.2 -> 2.13.2.1 (*)
|    |    \--- com.fasterxml.jackson.module:jackson-module-parameter-names:2.13.2
|    |         +--- com.fasterxml.jackson.core:jackson-core:2.13.2 (*)
|    |         +--- com.fasterxml.jackson.core:jackson-databind:2.13.2 -> 2.13.2.1 (*)
|    |         \--- com.fasterxml.jackson:jackson-bom:2.13.2 -> 2.13.2.1 (*)
|    +--- org.springframework.boot:spring-boot-starter-tomcat:2.6.7
|    |    +--- jakarta.annotation:jakarta.annotation-api:1.3.5
|    |    +--- org.apache.tomcat.embed:tomcat-embed-core:9.0.62
|    |    +--- org.apache.tomcat.embed:tomcat-embed-el:9.0.62
|    |    \--- org.apache.tomcat.embed:tomcat-embed-websocket:9.0.62
|    |         \--- org.apache.tomcat.embed:tomcat-embed-core:9.0.62
|    +--- org.springframework:spring-web:5.3.19 (*)
|    \--- org.springframework:spring-webmvc:5.3.19
|         +--- org.springframework:spring-aop:5.3.19 -> 5.3.22 (*)
|         +--- org.springframework:spring-beans:5.3.19 -> 5.3.22 (*)
|         +--- org.springframework:spring-context:5.3.19 -> 5.3.22 (*)
|         +--- org.springframework:spring-core:5.3.19 -> 5.3.22 (*)
|         +--- org.springframework:spring-expression:5.3.19 -> 5.3.22 (*)
|         \--- org.springframework:spring-web:5.3.19 (*)
+--- org.springframework.boot:spring-boot-starter-test:2.6.7
|    +--- org.springframework.boot:spring-boot-starter:2.6.7 (*)
|    +--- org.springframework.boot:spring-boot-test:2.6.7
|    |    \--- org.springframework.boot:spring-boot:2.6.7 (*)
|    +--- org.springframework.boot:spring-boot-test-autoconfigure:2.6.7
|    |    +--- org.springframework.boot:spring-boot:2.6.7 (*)
|    |    +--- org.springframework.boot:spring-boot-test:2.6.7 (*)
|    |    \--- org.springframework.boot:spring-boot-autoconfigure:2.6.7 (*)
|    +--- com.jayway.jsonpath:json-path:2.6.0
|    |    +--- net.minidev:json-smart:2.4.7
|    |    |    \--- net.minidev:accessors-smart:2.4.7
|    |    |         \--- org.ow2.asm:asm:9.1
|    |    \--- org.slf4j:slf4j-api:1.7.30 -> 1.7.36
|    +--- jakarta.xml.bind:jakarta.xml.bind-api:2.3.3
|    |    \--- jakarta.activation:jakarta.activation-api:1.2.2
|    +--- org.assertj:assertj-core:3.21.0
|    +--- org.hamcrest:hamcrest:2.2
|    +--- org.junit.jupiter:junit-jupiter:5.8.2
|    |    +--- org.junit:junit-bom:5.8.2
|    |    |    +--- org.junit.jupiter:junit-jupiter:5.8.2 (c)
|    |    |    +--- org.junit.jupiter:junit-jupiter-api:5.8.2 (c)
|    |    |    +--- org.junit.jupiter:junit-jupiter-params:5.8.2 (c)
|    |    |    \--- org.junit.platform:junit-platform-commons:1.8.2 (c)
|    |    +--- org.junit.jupiter:junit-jupiter-api:5.8.2
|    |    |    +--- org.junit:junit-bom:5.8.2 (*)
|    |    |    +--- org.opentest4j:opentest4j:1.2.0
|    |    |    +--- org.junit.platform:junit-platform-commons:1.8.2
|    |    |    |    +--- org.junit:junit-bom:5.8.2 (*)
|    |    |    |    \--- org.apiguardian:apiguardian-api:1.1.2
|    |    |    \--- org.apiguardian:apiguardian-api:1.1.2
|    |    \--- org.junit.jupiter:junit-jupiter-params:5.8.2
|    |         +--- org.junit:junit-bom:5.8.2 (*)
|    |         +--- org.junit.jupiter:junit-jupiter-api:5.8.2 (*)
|    |         \--- org.apiguardian:apiguardian-api:1.1.2
|    +--- org.mockito:mockito-core:4.0.0
|    |    +--- net.bytebuddy:byte-buddy:1.11.19
|    |    \--- net.bytebuddy:byte-buddy-agent:1.11.19
|    +--- org.mockito:mockito-junit-jupiter:4.0.0
|    |    \--- org.mockito:mockito-core:4.0.0 (*)
|    +--- org.skyscreamer:jsonassert:1.5.0
|    |    \--- com.vaadin.external.google:android-json:0.0.20131108.vaadin1
|    +--- org.springframework:spring-core:5.3.19 -> 5.3.22 (*)
|    +--- org.springframework:spring-test:5.3.19 -> 5.3.22
|    |    \--- org.springframework:spring-core:5.3.22 (*)
|    \--- org.xmlunit:xmlunit-core:2.8.4
+--- org.springframework.boot:spring-boot-starter-actuator:2.6.7
|    +--- org.springframework.boot:spring-boot-starter:2.6.7 (*)
|    +--- org.springframework.boot:spring-boot-actuator-autoconfigure:2.6.7
|    |    +--- org.springframework.boot:spring-boot-actuator:2.6.7
|    |    |    \--- org.springframework.boot:spring-boot:2.6.7 (*)
|    |    +--- org.springframework.boot:spring-boot:2.6.7 (*)
|    |    \--- org.springframework.boot:spring-boot-autoconfigure:2.6.7 (*)
|    \--- io.micrometer:micrometer-core:1.8.5
|         \--- org.hdrhistogram:HdrHistogram:2.1.12
+--- org.everit.json:org.everit.json.schema:1.3.0
|    +--- org.json:json:20160212
|    +--- com.google.guava:guava:19.0
|    \--- commons-validator:commons-validator:1.5.0
|         +--- commons-beanutils:commons-beanutils:1.9.2
|         |    +--- commons-logging:commons-logging:1.1.1 -> 1.2
|         |    \--- commons-collections:commons-collections:3.2.1 -> 3.2.2
|         +--- commons-digester:commons-digester:1.8.1
|         +--- commons-logging:commons-logging:1.2
|         \--- commons-collections:commons-collections:3.2.2
+--- jakarta.validation:jakarta.validation-api:2.0.2
+--- org.hibernate:hibernate-validator:5.2.4.Final -> 6.2.2.Final
|    \--- org.hibernate.validator:hibernate-validator:6.2.2.Final
|         +--- jakarta.validation:jakarta.validation-api:2.0.2
|         +--- org.jboss.logging:jboss-logging:3.4.1.Final
|         \--- com.fasterxml:classmate:1.5.1
+--- javax.el:javax.el-api:2.2.4
+--- org.springframework.kafka:spring-kafka:2.9.0
|    +--- org.springframework:spring-context:5.3.22 (*)
|    +--- org.springframework:spring-messaging:5.3.22
|    |    +--- org.springframework:spring-beans:5.3.22 (*)
|    |    \--- org.springframework:spring-core:5.3.22 (*)
|    +--- org.springframework:spring-tx:5.3.22
|    |    +--- org.springframework:spring-beans:5.3.22 (*)
|    |    \--- org.springframework:spring-core:5.3.22 (*)
|    +--- org.springframework.retry:spring-retry:1.3.3
|    \--- org.apache.kafka:kafka-clients:3.2.0
+--- org.springframework.kafka:spring-kafka-test:2.9.0
|    +--- org.springframework:spring-context:5.3.22 (*)
|    +--- org.springframework:spring-test:5.3.22 (*)
|    +--- org.springframework.retry:spring-retry:1.3.3
|    +--- org.apache.zookeeper:zookeeper:3.6.3
|    |    +--- org.apache.zookeeper:zookeeper-jute:3.6.3
|    |    |    \--- org.apache.yetus:audience-annotations:0.5.0
|    |    +--- org.apache.yetus:audience-annotations:0.5.0
|    |    +--- io.netty:netty-handler:4.1.63.Final
|    |    |    +--- io.netty:netty-common:4.1.63.Final
|    |    |    +--- io.netty:netty-resolver:4.1.63.Final
|    |    |    |    \--- io.netty:netty-common:4.1.63.Final
|    |    |    +--- io.netty:netty-buffer:4.1.63.Final
|    |    |    |    \--- io.netty:netty-common:4.1.63.Final
|    |    |    +--- io.netty:netty-transport:4.1.63.Final
|    |    |    |    +--- io.netty:netty-common:4.1.63.Final
|    |    |    |    +--- io.netty:netty-buffer:4.1.63.Final (*)
|    |    |    |    \--- io.netty:netty-resolver:4.1.63.Final (*)
|    |    |    \--- io.netty:netty-codec:4.1.63.Final
|    |    |         +--- io.netty:netty-common:4.1.63.Final
|    |    |         +--- io.netty:netty-buffer:4.1.63.Final (*)
|    |    |         \--- io.netty:netty-transport:4.1.63.Final (*)
|    |    +--- io.netty:netty-transport-native-epoll:4.1.63.Final
|    |    |    +--- io.netty:netty-common:4.1.63.Final
|    |    |    +--- io.netty:netty-buffer:4.1.63.Final (*)
|    |    |    +--- io.netty:netty-transport:4.1.63.Final (*)
|    |    |    \--- io.netty:netty-transport-native-unix-common:4.1.63.Final
|    |    |         +--- io.netty:netty-common:4.1.63.Final
|    |    |         +--- io.netty:netty-buffer:4.1.63.Final (*)
|    |    |         \--- io.netty:netty-transport:4.1.63.Final (*)
|    |    \--- org.slf4j:slf4j-api:1.7.25 -> 1.7.36
|    +--- org.apache.kafka:kafka-clients:3.2.0
|    +--- org.apache.kafka:kafka-metadata:3.2.0
|    +--- org.apache.kafka:kafka-streams-test-utils:3.2.0
|    |    +--- org.apache.kafka:kafka-streams:3.2.0
|    |    |    +--- org.apache.kafka:kafka-clients:3.2.0
|    |    |    \--- org.rocksdb:rocksdbjni:6.29.4.1
|    |    \--- org.apache.kafka:kafka-clients:3.2.0
|    +--- org.apache.kafka:kafka_2.13:3.2.0
|    |    +--- org.apache.kafka:kafka-clients:3.2.0
|    |    \--- org.scala-lang:scala-library:2.13.8
|    \--- org.junit.jupiter:junit-jupiter-api:5.8.2 (*)
+--- org.openapitools:jackson-databind-nullable:0.2.0
|    \--- com.fasterxml.jackson.core:jackson-databind:2.9.5 -> 2.13.2.1 (*)
\--- org.hibernate:hibernate-validator:6.2.2.Final (*)

compileOnly - Compile only dependencies for source set 'main'. (n)
No dependencies

coverageDataElementsForTest - Binary data file containing results of Jacoco test coverage reporting for the test Test Suite's test target. (n)
No dependencies

default - Configuration for default artifacts. (n)
No dependencies

developmentOnly - Configuration for development-only dependencies such as Spring Boot's DevTools.
No dependencies

implementation - Implementation only dependencies for source set 'main'. (n)
+--- com.fasterxml.jackson.core:jackson-databind:2.13.0 (n)
+--- org.springframework.boot:spring-boot-starter-web:2.6.7 (n)
+--- org.springframework.boot:spring-boot-starter-test:2.6.7 (n)
+--- org.springframework.boot:spring-boot-starter-actuator:2.6.7 (n)
+--- org.everit.json:org.everit.json.schema:1.3.0 (n)
+--- jakarta.validation:jakarta.validation-api:2.0.2 (n)
+--- org.hibernate:hibernate-validator:5.2.4.Final (n)
+--- javax.el:javax.el-api:2.2.4 (n)
+--- org.springframework.kafka:spring-kafka:2.9.0 (n)
+--- org.springframework.kafka:spring-kafka-test:2.9.0 (n)
+--- org.openapitools:jackson-databind-nullable:0.2.0 (n)
\--- org.hibernate:hibernate-validator:6.2.2.Final (n)

jacocoAgent - The Jacoco agent to use to get coverage data.
\--- org.jacoco:org.jacoco.agent:0.8.8

jacocoAnt - The Jacoco ant tasks to use to get execute Gradle tasks.
\--- org.jacoco:org.jacoco.ant:0.8.8
     +--- org.jacoco:org.jacoco.core:0.8.8
     |    +--- org.ow2.asm:asm:9.2
     |    +--- org.ow2.asm:asm-commons:9.2
     |    |    +--- org.ow2.asm:asm:9.2
     |    |    +--- org.ow2.asm:asm-tree:9.2
     |    |    |    \--- org.ow2.asm:asm:9.2
     |    |    \--- org.ow2.asm:asm-analysis:9.2
     |    |         \--- org.ow2.asm:asm-tree:9.2 (*)
     |    \--- org.ow2.asm:asm-tree:9.2 (*)
     +--- org.jacoco:org.jacoco.report:0.8.8
     |    \--- org.jacoco:org.jacoco.core:0.8.8 (*)
     \--- org.jacoco:org.jacoco.agent:0.8.8

mainSourceElements - List of source directories contained in the Main SourceSet. (n)
No dependencies

productionRuntimeClasspath
+--- com.fasterxml.jackson.core:jackson-databind:2.13.0 -> 2.13.2.1
|    +--- com.fasterxml.jackson.core:jackson-annotations:2.13.2
|    |    \--- com.fasterxml.jackson:jackson-bom:2.13.2 -> 2.13.2.1
|    |         +--- com.fasterxml.jackson.core:jackson-annotations:2.13.2 (c)
|    |         +--- com.fasterxml.jackson.core:jackson-core:2.13.2 (c)
|    |         +--- com.fasterxml.jackson.core:jackson-databind:2.13.2.1 (c)
|    |         +--- com.fasterxml.jackson.dataformat:jackson-dataformat-csv:2.13.2 (c)
|    |         +--- com.fasterxml.jackson.datatype:jackson-datatype-jdk8:2.13.2 (c)
|    |         +--- com.fasterxml.jackson.datatype:jackson-datatype-jsr310:2.13.2 (c)
|    |         +--- com.fasterxml.jackson.module:jackson-module-parameter-names:2.13.2 (c)
|    |         \--- com.fasterxml.jackson.module:jackson-module-scala_2.13:2.13.2 (c)
|    +--- com.fasterxml.jackson.core:jackson-core:2.13.2
|    |    \--- com.fasterxml.jackson:jackson-bom:2.13.2 -> 2.13.2.1 (*)
|    \--- com.fasterxml.jackson:jackson-bom:2.13.2.1 (*)
+--- org.springframework.boot:spring-boot-starter-web:2.6.7
|    +--- org.springframework.boot:spring-boot-starter:2.6.7
|    |    +--- org.springframework.boot:spring-boot:2.6.7
|    |    |    +--- org.springframework:spring-core:5.3.19 -> 5.3.22
|    |    |    |    \--- org.springframework:spring-jcl:5.3.22
|    |    |    \--- org.springframework:spring-context:5.3.19 -> 5.3.22
|    |    |         +--- org.springframework:spring-aop:5.3.22
|    |    |         |    +--- org.springframework:spring-beans:5.3.22
|    |    |         |    |    \--- org.springframework:spring-core:5.3.22 (*)
|    |    |         |    \--- org.springframework:spring-core:5.3.22 (*)
|    |    |         +--- org.springframework:spring-beans:5.3.22 (*)
|    |    |         +--- org.springframework:spring-core:5.3.22 (*)
|    |    |         \--- org.springframework:spring-expression:5.3.22
|    |    |              \--- org.springframework:spring-core:5.3.22 (*)
|    |    +--- org.springframework.boot:spring-boot-autoconfigure:2.6.7
|    |    |    \--- org.springframework.boot:spring-boot:2.6.7 (*)
|    |    +--- org.springframework.boot:spring-boot-starter-logging:2.6.7
|    |    |    +--- ch.qos.logback:logback-classic:1.2.11
|    |    |    |    +--- ch.qos.logback:logback-core:1.2.11
|    |    |    |    \--- org.slf4j:slf4j-api:1.7.32 -> 1.7.36
|    |    |    +--- org.apache.logging.log4j:log4j-to-slf4j:2.17.2
|    |    |    |    +--- org.slf4j:slf4j-api:1.7.35 -> 1.7.36
|    |    |    |    \--- org.apache.logging.log4j:log4j-api:2.17.2
|    |    |    \--- org.slf4j:jul-to-slf4j:1.7.36
|    |    |         \--- org.slf4j:slf4j-api:1.7.36
|    |    +--- jakarta.annotation:jakarta.annotation-api:1.3.5
|    |    +--- org.springframework:spring-core:5.3.19 -> 5.3.22 (*)
|    |    \--- org.yaml:snakeyaml:1.29
|    +--- org.springframework.boot:spring-boot-starter-json:2.6.7
|    |    +--- org.springframework.boot:spring-boot-starter:2.6.7 (*)
|    |    +--- org.springframework:spring-web:5.3.19
|    |    |    +--- org.springframework:spring-beans:5.3.19 -> 5.3.22 (*)
|    |    |    \--- org.springframework:spring-core:5.3.19 -> 5.3.22 (*)
|    |    +--- com.fasterxml.jackson.core:jackson-databind:2.13.2.1 (*)
|    |    +--- com.fasterxml.jackson.datatype:jackson-datatype-jdk8:2.13.2
|    |    |    +--- com.fasterxml.jackson.core:jackson-core:2.13.2 (*)
|    |    |    +--- com.fasterxml.jackson.core:jackson-databind:2.13.2 -> 2.13.2.1 (*)
|    |    |    \--- com.fasterxml.jackson:jackson-bom:2.13.2 -> 2.13.2.1 (*)
|    |    +--- com.fasterxml.jackson.datatype:jackson-datatype-jsr310:2.13.2
|    |    |    +--- com.fasterxml.jackson.core:jackson-annotations:2.13.2 (*)
|    |    |    +--- com.fasterxml.jackson.core:jackson-core:2.13.2 (*)
|    |    |    +--- com.fasterxml.jackson.core:jackson-databind:2.13.2 -> 2.13.2.1 (*)
|    |    |    \--- com.fasterxml.jackson:jackson-bom:2.13.2 -> 2.13.2.1 (*)
|    |    \--- com.fasterxml.jackson.module:jackson-module-parameter-names:2.13.2
|    |         +--- com.fasterxml.jackson.core:jackson-core:2.13.2 (*)
|    |         +--- com.fasterxml.jackson.core:jackson-databind:2.13.2 -> 2.13.2.1 (*)
|    |         \--- com.fasterxml.jackson:jackson-bom:2.13.2 -> 2.13.2.1 (*)
|    +--- org.springframework.boot:spring-boot-starter-tomcat:2.6.7
|    |    +--- jakarta.annotation:jakarta.annotation-api:1.3.5
|    |    +--- org.apache.tomcat.embed:tomcat-embed-core:9.0.62
|    |    +--- org.apache.tomcat.embed:tomcat-embed-el:9.0.62
|    |    \--- org.apache.tomcat.embed:tomcat-embed-websocket:9.0.62
|    |         \--- org.apache.tomcat.embed:tomcat-embed-core:9.0.62
|    +--- org.springframework:spring-web:5.3.19 (*)
|    \--- org.springframework:spring-webmvc:5.3.19
|         +--- org.springframework:spring-aop:5.3.19 -> 5.3.22 (*)
|         +--- org.springframework:spring-beans:5.3.19 -> 5.3.22 (*)
|         +--- org.springframework:spring-context:5.3.19 -> 5.3.22 (*)
|         +--- org.springframework:spring-core:5.3.19 -> 5.3.22 (*)
|         +--- org.springframework:spring-expression:5.3.19 -> 5.3.22 (*)
|         \--- org.springframework:spring-web:5.3.19 (*)
+--- org.springframework.boot:spring-boot-starter-test:2.6.7
|    +--- org.springframework.boot:spring-boot-starter:2.6.7 (*)
|    +--- org.springframework.boot:spring-boot-test:2.6.7
|    |    \--- org.springframework.boot:spring-boot:2.6.7 (*)
|    +--- org.springframework.boot:spring-boot-test-autoconfigure:2.6.7
|    |    +--- org.springframework.boot:spring-boot:2.6.7 (*)
|    |    +--- org.springframework.boot:spring-boot-test:2.6.7 (*)
|    |    \--- org.springframework.boot:spring-boot-autoconfigure:2.6.7 (*)
|    +--- com.jayway.jsonpath:json-path:2.6.0
|    |    +--- net.minidev:json-smart:2.4.7
|    |    |    \--- net.minidev:accessors-smart:2.4.7
|    |    |         \--- org.ow2.asm:asm:9.1
|    |    \--- org.slf4j:slf4j-api:1.7.30 -> 1.7.36
|    +--- jakarta.xml.bind:jakarta.xml.bind-api:2.3.3
|    |    \--- jakarta.activation:jakarta.activation-api:1.2.2
|    +--- org.assertj:assertj-core:3.21.0
|    +--- org.hamcrest:hamcrest:2.2
|    +--- org.junit.jupiter:junit-jupiter:5.8.2
|    |    +--- org.junit:junit-bom:5.8.2
|    |    |    +--- org.junit.jupiter:junit-jupiter:5.8.2 (c)
|    |    |    +--- org.junit.jupiter:junit-jupiter-api:5.8.2 (c)
|    |    |    +--- org.junit.jupiter:junit-jupiter-engine:5.8.2 (c)
|    |    |    +--- org.junit.jupiter:junit-jupiter-params:5.8.2 (c)
|    |    |    +--- org.junit.platform:junit-platform-commons:1.8.2 (c)
|    |    |    \--- org.junit.platform:junit-platform-engine:1.8.2 (c)
|    |    +--- org.junit.jupiter:junit-jupiter-api:5.8.2
|    |    |    +--- org.junit:junit-bom:5.8.2 (*)
|    |    |    +--- org.opentest4j:opentest4j:1.2.0
|    |    |    \--- org.junit.platform:junit-platform-commons:1.8.2
|    |    |         \--- org.junit:junit-bom:5.8.2 (*)
|    |    +--- org.junit.jupiter:junit-jupiter-params:5.8.2
|    |    |    +--- org.junit:junit-bom:5.8.2 (*)
|    |    |    \--- org.junit.jupiter:junit-jupiter-api:5.8.2 (*)
|    |    \--- org.junit.jupiter:junit-jupiter-engine:5.8.2
|    |         +--- org.junit:junit-bom:5.8.2 (*)
|    |         +--- org.junit.platform:junit-platform-engine:1.8.2
|    |         |    +--- org.junit:junit-bom:5.8.2 (*)
|    |         |    +--- org.opentest4j:opentest4j:1.2.0
|    |         |    \--- org.junit.platform:junit-platform-commons:1.8.2 (*)
|    |         \--- org.junit.jupiter:junit-jupiter-api:5.8.2 (*)
|    +--- org.mockito:mockito-core:4.0.0
|    |    +--- net.bytebuddy:byte-buddy:1.11.19
|    |    +--- net.bytebuddy:byte-buddy-agent:1.11.19
|    |    \--- org.objenesis:objenesis:3.2
|    +--- org.mockito:mockito-junit-jupiter:4.0.0
|    |    +--- org.mockito:mockito-core:4.0.0 (*)
|    |    \--- org.junit.jupiter:junit-jupiter-api:5.8.1 -> 5.8.2 (*)
|    +--- org.skyscreamer:jsonassert:1.5.0
|    |    \--- com.vaadin.external.google:android-json:0.0.20131108.vaadin1
|    +--- org.springframework:spring-core:5.3.19 -> 5.3.22 (*)
|    +--- org.springframework:spring-test:5.3.19 -> 5.3.22
|    |    \--- org.springframework:spring-core:5.3.22 (*)
|    \--- org.xmlunit:xmlunit-core:2.8.4
+--- org.springframework.boot:spring-boot-starter-actuator:2.6.7
|    +--- org.springframework.boot:spring-boot-starter:2.6.7 (*)
|    +--- org.springframework.boot:spring-boot-actuator-autoconfigure:2.6.7
|    |    +--- com.fasterxml.jackson.core:jackson-databind:2.13.2.1 (*)
|    |    +--- com.fasterxml.jackson.datatype:jackson-datatype-jsr310:2.13.2 (*)
|    |    +--- org.springframework.boot:spring-boot-actuator:2.6.7
|    |    |    \--- org.springframework.boot:spring-boot:2.6.7 (*)
|    |    +--- org.springframework.boot:spring-boot:2.6.7 (*)
|    |    \--- org.springframework.boot:spring-boot-autoconfigure:2.6.7 (*)
|    \--- io.micrometer:micrometer-core:1.8.5
|         +--- org.hdrhistogram:HdrHistogram:2.1.12
|         \--- org.latencyutils:LatencyUtils:2.0.3
+--- org.everit.json:org.everit.json.schema:1.3.0
|    +--- org.json:json:20160212
|    +--- com.google.guava:guava:19.0
|    \--- commons-validator:commons-validator:1.5.0
|         +--- commons-beanutils:commons-beanutils:1.9.2
|         |    +--- commons-logging:commons-logging:1.1.1 -> 1.2
|         |    \--- commons-collections:commons-collections:3.2.1 -> 3.2.2
|         +--- commons-digester:commons-digester:1.8.1
|         +--- commons-logging:commons-logging:1.2
|         \--- commons-collections:commons-collections:3.2.2
+--- jakarta.validation:jakarta.validation-api:2.0.2
+--- org.hibernate:hibernate-validator:5.2.4.Final -> 6.2.2.Final
|    \--- org.hibernate.validator:hibernate-validator:6.2.2.Final
|         +--- jakarta.validation:jakarta.validation-api:2.0.2
|         +--- org.jboss.logging:jboss-logging:3.4.1.Final
|         \--- com.fasterxml:classmate:1.5.1
+--- javax.el:javax.el-api:2.2.4
+--- org.springframework.kafka:spring-kafka:2.9.0
|    +--- org.springframework:spring-context:5.3.22 (*)
|    +--- org.springframework:spring-messaging:5.3.22
|    |    +--- org.springframework:spring-beans:5.3.22 (*)
|    |    \--- org.springframework:spring-core:5.3.22 (*)
|    +--- org.springframework:spring-tx:5.3.22
|    |    +--- org.springframework:spring-beans:5.3.22 (*)
|    |    \--- org.springframework:spring-core:5.3.22 (*)
|    +--- org.springframework.retry:spring-retry:1.3.3
|    +--- org.apache.kafka:kafka-clients:3.2.0
|    |    +--- com.github.luben:zstd-jni:1.5.2-1
|    |    +--- org.lz4:lz4-java:1.8.0
|    |    +--- org.xerial.snappy:snappy-java:1.1.8.4
|    |    \--- org.slf4j:slf4j-api:1.7.36
|    \--- com.google.code.findbugs:jsr305:3.0.2
+--- org.springframework.kafka:spring-kafka-test:2.9.0
|    +--- org.springframework:spring-context:5.3.22 (*)
|    +--- org.springframework:spring-test:5.3.22 (*)
|    +--- org.springframework.retry:spring-retry:1.3.3
|    +--- org.apache.zookeeper:zookeeper:3.6.3
|    |    +--- org.apache.zookeeper:zookeeper-jute:3.6.3
|    |    |    \--- org.apache.yetus:audience-annotations:0.5.0
|    |    +--- org.apache.yetus:audience-annotations:0.5.0
|    |    +--- io.netty:netty-handler:4.1.63.Final
|    |    |    +--- io.netty:netty-common:4.1.63.Final
|    |    |    +--- io.netty:netty-resolver:4.1.63.Final
|    |    |    |    \--- io.netty:netty-common:4.1.63.Final
|    |    |    +--- io.netty:netty-buffer:4.1.63.Final
|    |    |    |    \--- io.netty:netty-common:4.1.63.Final
|    |    |    +--- io.netty:netty-transport:4.1.63.Final
|    |    |    |    +--- io.netty:netty-common:4.1.63.Final
|    |    |    |    +--- io.netty:netty-buffer:4.1.63.Final (*)
|    |    |    |    \--- io.netty:netty-resolver:4.1.63.Final (*)
|    |    |    \--- io.netty:netty-codec:4.1.63.Final
|    |    |         +--- io.netty:netty-common:4.1.63.Final
|    |    |         +--- io.netty:netty-buffer:4.1.63.Final (*)
|    |    |         \--- io.netty:netty-transport:4.1.63.Final (*)
|    |    +--- io.netty:netty-transport-native-epoll:4.1.63.Final
|    |    |    +--- io.netty:netty-common:4.1.63.Final
|    |    |    +--- io.netty:netty-buffer:4.1.63.Final (*)
|    |    |    +--- io.netty:netty-transport:4.1.63.Final (*)
|    |    |    \--- io.netty:netty-transport-native-unix-common:4.1.63.Final
|    |    |         +--- io.netty:netty-common:4.1.63.Final
|    |    |         +--- io.netty:netty-buffer:4.1.63.Final (*)
|    |    |         \--- io.netty:netty-transport:4.1.63.Final (*)
|    |    \--- org.slf4j:slf4j-api:1.7.25 -> 1.7.36
|    +--- org.apache.kafka:kafka-clients:3.2.0 (*)
|    +--- org.apache.kafka:kafka-metadata:3.2.0
|    |    +--- org.apache.kafka:kafka-server-common:3.2.0
|    |    |    +--- org.slf4j:slf4j-api:1.7.36
|    |    |    \--- org.apache.kafka:kafka-clients:3.2.0 (*)
|    |    +--- org.apache.kafka:kafka-clients:3.2.0 (*)
|    |    +--- org.apache.kafka:kafka-raft:3.2.0
|    |    |    +--- org.apache.kafka:kafka-server-common:3.2.0 (*)
|    |    |    +--- org.apache.kafka:kafka-clients:3.2.0 (*)
|    |    |    +--- org.slf4j:slf4j-api:1.7.36
|    |    |    \--- com.fasterxml.jackson.core:jackson-databind:2.12.6.1 -> 2.13.2.1 (*)
|    |    +--- com.fasterxml.jackson.core:jackson-databind:2.12.6.1 -> 2.13.2.1 (*)
|    |    +--- com.fasterxml.jackson.datatype:jackson-datatype-jdk8:2.12.6 -> 2.13.2 (*)
|    |    \--- com.yammer.metrics:metrics-core:2.2.0
|    |         \--- org.slf4j:slf4j-api:1.7.2 -> 1.7.36
|    +--- org.apache.kafka:kafka-streams-test-utils:3.2.0
|    |    +--- org.slf4j:slf4j-api:1.7.36
|    |    +--- org.apache.kafka:kafka-streams:3.2.0
|    |    |    +--- org.slf4j:slf4j-api:1.7.36
|    |    |    +--- com.fasterxml.jackson.core:jackson-annotations:2.12.6 -> 2.13.2 (*)
|    |    |    +--- com.fasterxml.jackson.core:jackson-databind:2.12.6.1 -> 2.13.2.1 (*)
|    |    |    +--- org.apache.kafka:kafka-clients:3.2.0 (*)
|    |    |    \--- org.rocksdb:rocksdbjni:6.29.4.1
|    |    \--- org.apache.kafka:kafka-clients:3.2.0 (*)
|    +--- org.apache.kafka:kafka_2.13:3.2.0
|    |    +--- org.apache.kafka:kafka-server-common:3.2.0 (*)
|    |    +--- org.apache.kafka:kafka-metadata:3.2.0 (*)
|    |    +--- org.apache.kafka:kafka-raft:3.2.0 (*)
|    |    +--- org.apache.kafka:kafka-storage:3.2.0
|    |    |    +--- org.apache.kafka:kafka-storage-api:3.2.0
|    |    |    |    +--- org.apache.kafka:kafka-clients:3.2.0 (*)
|    |    |    |    \--- org.slf4j:slf4j-api:1.7.36
|    |    |    +--- org.apache.kafka:kafka-server-common:3.2.0 (*)
|    |    |    +--- org.apache.kafka:kafka-clients:3.2.0 (*)
|    |    |    +--- org.slf4j:slf4j-api:1.7.36
|    |    |    \--- com.fasterxml.jackson.core:jackson-databind:2.12.6.1 -> 2.13.2.1 (*)
|    |    +--- net.sourceforge.argparse4j:argparse4j:0.7.0
|    |    +--- com.fasterxml.jackson.core:jackson-databind:2.12.6.1 -> 2.13.2.1 (*)
|    |    +--- com.fasterxml.jackson.module:jackson-module-scala_2.13:2.12.6 -> 2.13.2
|    |    |    +--- org.scala-lang:scala-library:2.13.6 -> 2.13.8
|    |    |    +--- com.fasterxml.jackson.core:jackson-core:2.13.2 (*)
|    |    |    +--- com.fasterxml.jackson.core:jackson-annotations:2.13.2 (*)
|    |    |    +--- com.fasterxml.jackson.core:jackson-databind:2.13.2 -> 2.13.2.1 (*)
|    |    |    \--- com.thoughtworks.paranamer:paranamer:2.8
|    |    +--- com.fasterxml.jackson.dataformat:jackson-dataformat-csv:2.12.6 -> 2.13.2
|    |    |    +--- com.fasterxml.jackson.core:jackson-databind:2.13.2 -> 2.13.2.1 (*)
|    |    |    +--- com.fasterxml.jackson.core:jackson-annotations:2.13.2 (*)
|    |    |    +--- com.fasterxml.jackson.core:jackson-core:2.13.2 (*)
|    |    |    \--- com.fasterxml.jackson:jackson-bom:2.13.2 -> 2.13.2.1 (*)
|    |    +--- com.fasterxml.jackson.datatype:jackson-datatype-jdk8:2.12.6 -> 2.13.2 (*)
|    |    +--- net.sf.jopt-simple:jopt-simple:5.0.4
|    |    +--- org.bitbucket.b_c:jose4j:0.7.9
|    |    |    \--- org.slf4j:slf4j-api:1.7.21 -> 1.7.36
|    |    +--- com.yammer.metrics:metrics-core:2.2.0 (*)
|    |    +--- org.scala-lang.modules:scala-collection-compat_2.13:2.6.0
|    |    |    \--- org.scala-lang:scala-library:2.13.7 -> 2.13.8
|    |    +--- org.scala-lang.modules:scala-java8-compat_2.13:1.0.2
|    |    |    \--- org.scala-lang:scala-library:2.13.6 -> 2.13.8
|    |    +--- org.scala-lang:scala-reflect:2.13.8
|    |    |    \--- org.scala-lang:scala-library:2.13.8
|    |    +--- com.typesafe.scala-logging:scala-logging_2.13:3.9.4
|    |    |    +--- org.scala-lang:scala-library:2.13.5 -> 2.13.8
|    |    |    +--- org.scala-lang:scala-reflect:2.13.5 -> 2.13.8 (*)
|    |    |    \--- org.slf4j:slf4j-api:1.7.30 -> 1.7.36
|    |    +--- org.slf4j:slf4j-api:1.7.36
|    |    +--- io.dropwizard.metrics:metrics-core:4.1.12.1
|    |    |    \--- org.slf4j:slf4j-api:1.7.30 -> 1.7.36
|    |    +--- org.apache.zookeeper:zookeeper:3.6.3 (*)
|    |    +--- commons-cli:commons-cli:1.4
|    |    +--- org.apache.kafka:kafka-clients:3.2.0 (*)
|    |    \--- org.scala-lang:scala-library:2.13.8
|    +--- org.junit.jupiter:junit-jupiter-api:5.8.2 (*)
|    \--- com.google.code.findbugs:jsr305:3.0.2
+--- org.openapitools:jackson-databind-nullable:0.2.0
|    \--- com.fasterxml.jackson.core:jackson-databind:2.9.5 -> 2.13.2.1 (*)
\--- org.hibernate:hibernate-validator:6.2.2.Final (*)

runtimeClasspath - Runtime classpath of source set 'main'.
+--- com.fasterxml.jackson.core:jackson-databind:2.13.0 -> 2.13.2.1
|    +--- com.fasterxml.jackson.core:jackson-annotations:2.13.2
|    |    \--- com.fasterxml.jackson:jackson-bom:2.13.2 -> 2.13.2.1
|    |         +--- com.fasterxml.jackson.core:jackson-annotations:2.13.2 (c)
|    |         +--- com.fasterxml.jackson.core:jackson-core:2.13.2 (c)
|    |         +--- com.fasterxml.jackson.core:jackson-databind:2.13.2.1 (c)
|    |         +--- com.fasterxml.jackson.dataformat:jackson-dataformat-csv:2.13.2 (c)
|    |         +--- com.fasterxml.jackson.datatype:jackson-datatype-jdk8:2.13.2 (c)
|    |         +--- com.fasterxml.jackson.datatype:jackson-datatype-jsr310:2.13.2 (c)
|    |         +--- com.fasterxml.jackson.module:jackson-module-parameter-names:2.13.2 (c)
|    |         \--- com.fasterxml.jackson.module:jackson-module-scala_2.13:2.13.2 (c)
|    +--- com.fasterxml.jackson.core:jackson-core:2.13.2
|    |    \--- com.fasterxml.jackson:jackson-bom:2.13.2 -> 2.13.2.1 (*)
|    \--- com.fasterxml.jackson:jackson-bom:2.13.2.1 (*)
+--- org.springframework.boot:spring-boot-starter-web:2.6.7
|    +--- org.springframework.boot:spring-boot-starter:2.6.7
|    |    +--- org.springframework.boot:spring-boot:2.6.7
|    |    |    +--- org.springframework:spring-core:5.3.19 -> 5.3.22
|    |    |    |    \--- org.springframework:spring-jcl:5.3.22
|    |    |    \--- org.springframework:spring-context:5.3.19 -> 5.3.22
|    |    |         +--- org.springframework:spring-aop:5.3.22
|    |    |         |    +--- org.springframework:spring-beans:5.3.22
|    |    |         |    |    \--- org.springframework:spring-core:5.3.22 (*)
|    |    |         |    \--- org.springframework:spring-core:5.3.22 (*)
|    |    |         +--- org.springframework:spring-beans:5.3.22 (*)
|    |    |         +--- org.springframework:spring-core:5.3.22 (*)
|    |    |         \--- org.springframework:spring-expression:5.3.22
|    |    |              \--- org.springframework:spring-core:5.3.22 (*)
|    |    +--- org.springframework.boot:spring-boot-autoconfigure:2.6.7
|    |    |    \--- org.springframework.boot:spring-boot:2.6.7 (*)
|    |    +--- org.springframework.boot:spring-boot-starter-logging:2.6.7
|    |    |    +--- ch.qos.logback:logback-classic:1.2.11
|    |    |    |    +--- ch.qos.logback:logback-core:1.2.11
|    |    |    |    \--- org.slf4j:slf4j-api:1.7.32 -> 1.7.36
|    |    |    +--- org.apache.logging.log4j:log4j-to-slf4j:2.17.2
|    |    |    |    +--- org.slf4j:slf4j-api:1.7.35 -> 1.7.36
|    |    |    |    \--- org.apache.logging.log4j:log4j-api:2.17.2
|    |    |    \--- org.slf4j:jul-to-slf4j:1.7.36
|    |    |         \--- org.slf4j:slf4j-api:1.7.36
|    |    +--- jakarta.annotation:jakarta.annotation-api:1.3.5
|    |    +--- org.springframework:spring-core:5.3.19 -> 5.3.22 (*)
|    |    \--- org.yaml:snakeyaml:1.29
|    +--- org.springframework.boot:spring-boot-starter-json:2.6.7
|    |    +--- org.springframework.boot:spring-boot-starter:2.6.7 (*)
|    |    +--- org.springframework:spring-web:5.3.19
|    |    |    +--- org.springframework:spring-beans:5.3.19 -> 5.3.22 (*)
|    |    |    \--- org.springframework:spring-core:5.3.19 -> 5.3.22 (*)
|    |    +--- com.fasterxml.jackson.core:jackson-databind:2.13.2.1 (*)
|    |    +--- com.fasterxml.jackson.datatype:jackson-datatype-jdk8:2.13.2
|    |    |    +--- com.fasterxml.jackson.core:jackson-core:2.13.2 (*)
|    |    |    +--- com.fasterxml.jackson.core:jackson-databind:2.13.2 -> 2.13.2.1 (*)
|    |    |    \--- com.fasterxml.jackson:jackson-bom:2.13.2 -> 2.13.2.1 (*)
|    |    +--- com.fasterxml.jackson.datatype:jackson-datatype-jsr310:2.13.2
|    |    |    +--- com.fasterxml.jackson.core:jackson-annotations:2.13.2 (*)
|    |    |    +--- com.fasterxml.jackson.core:jackson-core:2.13.2 (*)
|    |    |    +--- com.fasterxml.jackson.core:jackson-databind:2.13.2 -> 2.13.2.1 (*)
|    |    |    \--- com.fasterxml.jackson:jackson-bom:2.13.2 -> 2.13.2.1 (*)
|    |    \--- com.fasterxml.jackson.module:jackson-module-parameter-names:2.13.2
|    |         +--- com.fasterxml.jackson.core:jackson-core:2.13.2 (*)
|    |         +--- com.fasterxml.jackson.core:jackson-databind:2.13.2 -> 2.13.2.1 (*)
|    |         \--- com.fasterxml.jackson:jackson-bom:2.13.2 -> 2.13.2.1 (*)
|    +--- org.springframework.boot:spring-boot-starter-tomcat:2.6.7
|    |    +--- jakarta.annotation:jakarta.annotation-api:1.3.5
|    |    +--- org.apache.tomcat.embed:tomcat-embed-core:9.0.62
|    |    +--- org.apache.tomcat.embed:tomcat-embed-el:9.0.62
|    |    \--- org.apache.tomcat.embed:tomcat-embed-websocket:9.0.62
|    |         \--- org.apache.tomcat.embed:tomcat-embed-core:9.0.62
|    +--- org.springframework:spring-web:5.3.19 (*)
|    \--- org.springframework:spring-webmvc:5.3.19
|         +--- org.springframework:spring-aop:5.3.19 -> 5.3.22 (*)
|         +--- org.springframework:spring-beans:5.3.19 -> 5.3.22 (*)
|         +--- org.springframework:spring-context:5.3.19 -> 5.3.22 (*)
|         +--- org.springframework:spring-core:5.3.19 -> 5.3.22 (*)
|         +--- org.springframework:spring-expression:5.3.19 -> 5.3.22 (*)
|         \--- org.springframework:spring-web:5.3.19 (*)
+--- org.springframework.boot:spring-boot-starter-test:2.6.7
|    +--- org.springframework.boot:spring-boot-starter:2.6.7 (*)
|    +--- org.springframework.boot:spring-boot-test:2.6.7
|    |    \--- org.springframework.boot:spring-boot:2.6.7 (*)
|    +--- org.springframework.boot:spring-boot-test-autoconfigure:2.6.7
|    |    +--- org.springframework.boot:spring-boot:2.6.7 (*)
|    |    +--- org.springframework.boot:spring-boot-test:2.6.7 (*)
|    |    \--- org.springframework.boot:spring-boot-autoconfigure:2.6.7 (*)
|    +--- com.jayway.jsonpath:json-path:2.6.0
|    |    +--- net.minidev:json-smart:2.4.7
|    |    |    \--- net.minidev:accessors-smart:2.4.7
|    |    |         \--- org.ow2.asm:asm:9.1
|    |    \--- org.slf4j:slf4j-api:1.7.30 -> 1.7.36
|    +--- jakarta.xml.bind:jakarta.xml.bind-api:2.3.3
|    |    \--- jakarta.activation:jakarta.activation-api:1.2.2
|    +--- org.assertj:assertj-core:3.21.0
|    +--- org.hamcrest:hamcrest:2.2
|    +--- org.junit.jupiter:junit-jupiter:5.8.2
|    |    +--- org.junit:junit-bom:5.8.2
|    |    |    +--- org.junit.jupiter:junit-jupiter:5.8.2 (c)
|    |    |    +--- org.junit.jupiter:junit-jupiter-api:5.8.2 (c)
|    |    |    +--- org.junit.jupiter:junit-jupiter-engine:5.8.2 (c)
|    |    |    +--- org.junit.jupiter:junit-jupiter-params:5.8.2 (c)
|    |    |    +--- org.junit.platform:junit-platform-commons:1.8.2 (c)
|    |    |    \--- org.junit.platform:junit-platform-engine:1.8.2 (c)
|    |    +--- org.junit.jupiter:junit-jupiter-api:5.8.2
|    |    |    +--- org.junit:junit-bom:5.8.2 (*)
|    |    |    +--- org.opentest4j:opentest4j:1.2.0
|    |    |    \--- org.junit.platform:junit-platform-commons:1.8.2
|    |    |         \--- org.junit:junit-bom:5.8.2 (*)
|    |    +--- org.junit.jupiter:junit-jupiter-params:5.8.2
|    |    |    +--- org.junit:junit-bom:5.8.2 (*)
|    |    |    \--- org.junit.jupiter:junit-jupiter-api:5.8.2 (*)
|    |    \--- org.junit.jupiter:junit-jupiter-engine:5.8.2
|    |         +--- org.junit:junit-bom:5.8.2 (*)
|    |         +--- org.junit.platform:junit-platform-engine:1.8.2
|    |         |    +--- org.junit:junit-bom:5.8.2 (*)
|    |         |    +--- org.opentest4j:opentest4j:1.2.0
|    |         |    \--- org.junit.platform:junit-platform-commons:1.8.2 (*)
|    |         \--- org.junit.jupiter:junit-jupiter-api:5.8.2 (*)
|    +--- org.mockito:mockito-core:4.0.0
|    |    +--- net.bytebuddy:byte-buddy:1.11.19
|    |    +--- net.bytebuddy:byte-buddy-agent:1.11.19
|    |    \--- org.objenesis:objenesis:3.2
|    +--- org.mockito:mockito-junit-jupiter:4.0.0
|    |    +--- org.mockito:mockito-core:4.0.0 (*)
|    |    \--- org.junit.jupiter:junit-jupiter-api:5.8.1 -> 5.8.2 (*)
|    +--- org.skyscreamer:jsonassert:1.5.0
|    |    \--- com.vaadin.external.google:android-json:0.0.20131108.vaadin1
|    +--- org.springframework:spring-core:5.3.19 -> 5.3.22 (*)
|    +--- org.springframework:spring-test:5.3.19 -> 5.3.22
|    |    \--- org.springframework:spring-core:5.3.22 (*)
|    \--- org.xmlunit:xmlunit-core:2.8.4
+--- org.springframework.boot:spring-boot-starter-actuator:2.6.7
|    +--- org.springframework.boot:spring-boot-starter:2.6.7 (*)
|    +--- org.springframework.boot:spring-boot-actuator-autoconfigure:2.6.7
|    |    +--- com.fasterxml.jackson.core:jackson-databind:2.13.2.1 (*)
|    |    +--- com.fasterxml.jackson.datatype:jackson-datatype-jsr310:2.13.2 (*)
|    |    +--- org.springframework.boot:spring-boot-actuator:2.6.7
|    |    |    \--- org.springframework.boot:spring-boot:2.6.7 (*)
|    |    +--- org.springframework.boot:spring-boot:2.6.7 (*)
|    |    \--- org.springframework.boot:spring-boot-autoconfigure:2.6.7 (*)
|    \--- io.micrometer:micrometer-core:1.8.5
|         +--- org.hdrhistogram:HdrHistogram:2.1.12
|         \--- org.latencyutils:LatencyUtils:2.0.3
+--- org.everit.json:org.everit.json.schema:1.3.0
|    +--- org.json:json:20160212
|    +--- com.google.guava:guava:19.0
|    \--- commons-validator:commons-validator:1.5.0
|         +--- commons-beanutils:commons-beanutils:1.9.2
|         |    +--- commons-logging:commons-logging:1.1.1 -> 1.2
|         |    \--- commons-collections:commons-collections:3.2.1 -> 3.2.2
|         +--- commons-digester:commons-digester:1.8.1
|         +--- commons-logging:commons-logging:1.2
|         \--- commons-collections:commons-collections:3.2.2
+--- jakarta.validation:jakarta.validation-api:2.0.2
+--- org.hibernate:hibernate-validator:5.2.4.Final -> 6.2.2.Final
|    \--- org.hibernate.validator:hibernate-validator:6.2.2.Final
|         +--- jakarta.validation:jakarta.validation-api:2.0.2
|         +--- org.jboss.logging:jboss-logging:3.4.1.Final
|         \--- com.fasterxml:classmate:1.5.1
+--- javax.el:javax.el-api:2.2.4
+--- org.springframework.kafka:spring-kafka:2.9.0
|    +--- org.springframework:spring-context:5.3.22 (*)
|    +--- org.springframework:spring-messaging:5.3.22
|    |    +--- org.springframework:spring-beans:5.3.22 (*)
|    |    \--- org.springframework:spring-core:5.3.22 (*)
|    +--- org.springframework:spring-tx:5.3.22
|    |    +--- org.springframework:spring-beans:5.3.22 (*)
|    |    \--- org.springframework:spring-core:5.3.22 (*)
|    +--- org.springframework.retry:spring-retry:1.3.3
|    +--- org.apache.kafka:kafka-clients:3.2.0
|    |    +--- com.github.luben:zstd-jni:1.5.2-1
|    |    +--- org.lz4:lz4-java:1.8.0
|    |    +--- org.xerial.snappy:snappy-java:1.1.8.4
|    |    \--- org.slf4j:slf4j-api:1.7.36
|    \--- com.google.code.findbugs:jsr305:3.0.2
+--- org.springframework.kafka:spring-kafka-test:2.9.0
|    +--- org.springframework:spring-context:5.3.22 (*)
|    +--- org.springframework:spring-test:5.3.22 (*)
|    +--- org.springframework.retry:spring-retry:1.3.3
|    +--- org.apache.zookeeper:zookeeper:3.6.3
|    |    +--- org.apache.zookeeper:zookeeper-jute:3.6.3
|    |    |    \--- org.apache.yetus:audience-annotations:0.5.0
|    |    +--- org.apache.yetus:audience-annotations:0.5.0
|    |    +--- io.netty:netty-handler:4.1.63.Final
|    |    |    +--- io.netty:netty-common:4.1.63.Final
|    |    |    +--- io.netty:netty-resolver:4.1.63.Final
|    |    |    |    \--- io.netty:netty-common:4.1.63.Final
|    |    |    +--- io.netty:netty-buffer:4.1.63.Final
|    |    |    |    \--- io.netty:netty-common:4.1.63.Final
|    |    |    +--- io.netty:netty-transport:4.1.63.Final
|    |    |    |    +--- io.netty:netty-common:4.1.63.Final
|    |    |    |    +--- io.netty:netty-buffer:4.1.63.Final (*)
|    |    |    |    \--- io.netty:netty-resolver:4.1.63.Final (*)
|    |    |    \--- io.netty:netty-codec:4.1.63.Final
|    |    |         +--- io.netty:netty-common:4.1.63.Final
|    |    |         +--- io.netty:netty-buffer:4.1.63.Final (*)
|    |    |         \--- io.netty:netty-transport:4.1.63.Final (*)
|    |    +--- io.netty:netty-transport-native-epoll:4.1.63.Final
|    |    |    +--- io.netty:netty-common:4.1.63.Final
|    |    |    +--- io.netty:netty-buffer:4.1.63.Final (*)
|    |    |    +--- io.netty:netty-transport:4.1.63.Final (*)
|    |    |    \--- io.netty:netty-transport-native-unix-common:4.1.63.Final
|    |    |         +--- io.netty:netty-common:4.1.63.Final
|    |    |         +--- io.netty:netty-buffer:4.1.63.Final (*)
|    |    |         \--- io.netty:netty-transport:4.1.63.Final (*)
|    |    \--- org.slf4j:slf4j-api:1.7.25 -> 1.7.36
|    +--- org.apache.kafka:kafka-clients:3.2.0 (*)
|    +--- org.apache.kafka:kafka-metadata:3.2.0
|    |    +--- org.apache.kafka:kafka-server-common:3.2.0
|    |    |    +--- org.slf4j:slf4j-api:1.7.36
|    |    |    \--- org.apache.kafka:kafka-clients:3.2.0 (*)
|    |    +--- org.apache.kafka:kafka-clients:3.2.0 (*)
|    |    +--- org.apache.kafka:kafka-raft:3.2.0
|    |    |    +--- org.apache.kafka:kafka-server-common:3.2.0 (*)
|    |    |    +--- org.apache.kafka:kafka-clients:3.2.0 (*)
|    |    |    +--- org.slf4j:slf4j-api:1.7.36
|    |    |    \--- com.fasterxml.jackson.core:jackson-databind:2.12.6.1 -> 2.13.2.1 (*)
|    |    +--- com.fasterxml.jackson.core:jackson-databind:2.12.6.1 -> 2.13.2.1 (*)
|    |    +--- com.fasterxml.jackson.datatype:jackson-datatype-jdk8:2.12.6 -> 2.13.2 (*)
|    |    \--- com.yammer.metrics:metrics-core:2.2.0
|    |         \--- org.slf4j:slf4j-api:1.7.2 -> 1.7.36
|    +--- org.apache.kafka:kafka-streams-test-utils:3.2.0
|    |    +--- org.slf4j:slf4j-api:1.7.36
|    |    +--- org.apache.kafka:kafka-streams:3.2.0
|    |    |    +--- org.slf4j:slf4j-api:1.7.36
|    |    |    +--- com.fasterxml.jackson.core:jackson-annotations:2.12.6 -> 2.13.2 (*)
|    |    |    +--- com.fasterxml.jackson.core:jackson-databind:2.12.6.1 -> 2.13.2.1 (*)
|    |    |    +--- org.apache.kafka:kafka-clients:3.2.0 (*)
|    |    |    \--- org.rocksdb:rocksdbjni:6.29.4.1
|    |    \--- org.apache.kafka:kafka-clients:3.2.0 (*)
|    +--- org.apache.kafka:kafka_2.13:3.2.0
|    |    +--- org.apache.kafka:kafka-server-common:3.2.0 (*)
|    |    +--- org.apache.kafka:kafka-metadata:3.2.0 (*)
|    |    +--- org.apache.kafka:kafka-raft:3.2.0 (*)
|    |    +--- org.apache.kafka:kafka-storage:3.2.0
|    |    |    +--- org.apache.kafka:kafka-storage-api:3.2.0
|    |    |    |    +--- org.apache.kafka:kafka-clients:3.2.0 (*)
|    |    |    |    \--- org.slf4j:slf4j-api:1.7.36
|    |    |    +--- org.apache.kafka:kafka-server-common:3.2.0 (*)
|    |    |    +--- org.apache.kafka:kafka-clients:3.2.0 (*)
|    |    |    +--- org.slf4j:slf4j-api:1.7.36
|    |    |    \--- com.fasterxml.jackson.core:jackson-databind:2.12.6.1 -> 2.13.2.1 (*)
|    |    +--- net.sourceforge.argparse4j:argparse4j:0.7.0
|    |    +--- com.fasterxml.jackson.core:jackson-databind:2.12.6.1 -> 2.13.2.1 (*)
|    |    +--- com.fasterxml.jackson.module:jackson-module-scala_2.13:2.12.6 -> 2.13.2
|    |    |    +--- org.scala-lang:scala-library:2.13.6 -> 2.13.8
|    |    |    +--- com.fasterxml.jackson.core:jackson-core:2.13.2 (*)
|    |    |    +--- com.fasterxml.jackson.core:jackson-annotations:2.13.2 (*)
|    |    |    +--- com.fasterxml.jackson.core:jackson-databind:2.13.2 -> 2.13.2.1 (*)
|    |    |    \--- com.thoughtworks.paranamer:paranamer:2.8
|    |    +--- com.fasterxml.jackson.dataformat:jackson-dataformat-csv:2.12.6 -> 2.13.2
|    |    |    +--- com.fasterxml.jackson.core:jackson-databind:2.13.2 -> 2.13.2.1 (*)
|    |    |    +--- com.fasterxml.jackson.core:jackson-annotations:2.13.2 (*)
|    |    |    +--- com.fasterxml.jackson.core:jackson-core:2.13.2 (*)
|    |    |    \--- com.fasterxml.jackson:jackson-bom:2.13.2 -> 2.13.2.1 (*)
|    |    +--- com.fasterxml.jackson.datatype:jackson-datatype-jdk8:2.12.6 -> 2.13.2 (*)
|    |    +--- net.sf.jopt-simple:jopt-simple:5.0.4
|    |    +--- org.bitbucket.b_c:jose4j:0.7.9
|    |    |    \--- org.slf4j:slf4j-api:1.7.21 -> 1.7.36
|    |    +--- com.yammer.metrics:metrics-core:2.2.0 (*)
|    |    +--- org.scala-lang.modules:scala-collection-compat_2.13:2.6.0
|    |    |    \--- org.scala-lang:scala-library:2.13.7 -> 2.13.8
|    |    +--- org.scala-lang.modules:scala-java8-compat_2.13:1.0.2
|    |    |    \--- org.scala-lang:scala-library:2.13.6 -> 2.13.8
|    |    +--- org.scala-lang:scala-reflect:2.13.8
|    |    |    \--- org.scala-lang:scala-library:2.13.8
|    |    +--- com.typesafe.scala-logging:scala-logging_2.13:3.9.4
|    |    |    +--- org.scala-lang:scala-library:2.13.5 -> 2.13.8
|    |    |    +--- org.scala-lang:scala-reflect:2.13.5 -> 2.13.8 (*)
|    |    |    \--- org.slf4j:slf4j-api:1.7.30 -> 1.7.36
|    |    +--- org.slf4j:slf4j-api:1.7.36
|    |    +--- io.dropwizard.metrics:metrics-core:4.1.12.1
|    |    |    \--- org.slf4j:slf4j-api:1.7.30 -> 1.7.36
|    |    +--- org.apache.zookeeper:zookeeper:3.6.3 (*)
|    |    +--- commons-cli:commons-cli:1.4
|    |    +--- org.apache.kafka:kafka-clients:3.2.0 (*)
|    |    \--- org.scala-lang:scala-library:2.13.8
|    +--- org.junit.jupiter:junit-jupiter-api:5.8.2 (*)
|    \--- com.google.code.findbugs:jsr305:3.0.2
+--- org.openapitools:jackson-databind-nullable:0.2.0
|    \--- com.fasterxml.jackson.core:jackson-databind:2.9.5 -> 2.13.2.1 (*)
\--- org.hibernate:hibernate-validator:6.2.2.Final (*)

runtimeElements - Elements of runtime for main. (n)
No dependencies

runtimeOnly - Runtime only dependencies for source set 'main'. (n)
No dependencies

testAnnotationProcessor - Annotation processors and their dependencies for source set 'test'.
No dependencies

testCompileClasspath - Compile classpath for source set 'test'.
+--- com.fasterxml.jackson.core:jackson-databind:2.13.0 -> 2.13.2.1
|    +--- com.fasterxml.jackson.core:jackson-annotations:2.13.2
|    |    \--- com.fasterxml.jackson:jackson-bom:2.13.2 -> 2.13.2.1
|    |         +--- com.fasterxml.jackson.core:jackson-annotations:2.13.2 (c)
|    |         +--- com.fasterxml.jackson.core:jackson-core:2.13.2 (c)
|    |         +--- com.fasterxml.jackson.core:jackson-databind:2.13.2.1 (c)
|    |         +--- com.fasterxml.jackson.datatype:jackson-datatype-jdk8:2.13.2 (c)
|    |         +--- com.fasterxml.jackson.datatype:jackson-datatype-jsr310:2.13.2 (c)
|    |         \--- com.fasterxml.jackson.module:jackson-module-parameter-names:2.13.2 (c)
|    +--- com.fasterxml.jackson.core:jackson-core:2.13.2
|    |    \--- com.fasterxml.jackson:jackson-bom:2.13.2 -> 2.13.2.1 (*)
|    \--- com.fasterxml.jackson:jackson-bom:2.13.2.1 (*)
+--- org.springframework.boot:spring-boot-starter-web:2.6.7
|    +--- org.springframework.boot:spring-boot-starter:2.6.7
|    |    +--- org.springframework.boot:spring-boot:2.6.7
|    |    |    +--- org.springframework:spring-core:5.3.19 -> 5.3.22
|    |    |    |    \--- org.springframework:spring-jcl:5.3.22
|    |    |    \--- org.springframework:spring-context:5.3.19 -> 5.3.22
|    |    |         +--- org.springframework:spring-aop:5.3.22
|    |    |         |    +--- org.springframework:spring-beans:5.3.22
|    |    |         |    |    \--- org.springframework:spring-core:5.3.22 (*)
|    |    |         |    \--- org.springframework:spring-core:5.3.22 (*)
|    |    |         +--- org.springframework:spring-beans:5.3.22 (*)
|    |    |         +--- org.springframework:spring-core:5.3.22 (*)
|    |    |         \--- org.springframework:spring-expression:5.3.22
|    |    |              \--- org.springframework:spring-core:5.3.22 (*)
|    |    +--- org.springframework.boot:spring-boot-autoconfigure:2.6.7
|    |    |    \--- org.springframework.boot:spring-boot:2.6.7 (*)
|    |    +--- org.springframework.boot:spring-boot-starter-logging:2.6.7
|    |    |    +--- ch.qos.logback:logback-classic:1.2.11
|    |    |    |    +--- ch.qos.logback:logback-core:1.2.11
|    |    |    |    \--- org.slf4j:slf4j-api:1.7.32 -> 1.7.36
|    |    |    +--- org.apache.logging.log4j:log4j-to-slf4j:2.17.2
|    |    |    |    +--- org.slf4j:slf4j-api:1.7.35 -> 1.7.36
|    |    |    |    \--- org.apache.logging.log4j:log4j-api:2.17.2
|    |    |    \--- org.slf4j:jul-to-slf4j:1.7.36
|    |    |         \--- org.slf4j:slf4j-api:1.7.36
|    |    +--- jakarta.annotation:jakarta.annotation-api:1.3.5
|    |    +--- org.springframework:spring-core:5.3.19 -> 5.3.22 (*)
|    |    \--- org.yaml:snakeyaml:1.29
|    +--- org.springframework.boot:spring-boot-starter-json:2.6.7
|    |    +--- org.springframework.boot:spring-boot-starter:2.6.7 (*)
|    |    +--- org.springframework:spring-web:5.3.19
|    |    |    +--- org.springframework:spring-beans:5.3.19 -> 5.3.22 (*)
|    |    |    \--- org.springframework:spring-core:5.3.19 -> 5.3.22 (*)
|    |    +--- com.fasterxml.jackson.core:jackson-databind:2.13.2.1 (*)
|    |    +--- com.fasterxml.jackson.datatype:jackson-datatype-jdk8:2.13.2
|    |    |    +--- com.fasterxml.jackson.core:jackson-core:2.13.2 (*)
|    |    |    +--- com.fasterxml.jackson.core:jackson-databind:2.13.2 -> 2.13.2.1 (*)
|    |    |    \--- com.fasterxml.jackson:jackson-bom:2.13.2 -> 2.13.2.1 (*)
|    |    +--- com.fasterxml.jackson.datatype:jackson-datatype-jsr310:2.13.2
|    |    |    +--- com.fasterxml.jackson.core:jackson-annotations:2.13.2 (*)
|    |    |    +--- com.fasterxml.jackson.core:jackson-core:2.13.2 (*)
|    |    |    +--- com.fasterxml.jackson.core:jackson-databind:2.13.2 -> 2.13.2.1 (*)
|    |    |    \--- com.fasterxml.jackson:jackson-bom:2.13.2 -> 2.13.2.1 (*)
|    |    \--- com.fasterxml.jackson.module:jackson-module-parameter-names:2.13.2
|    |         +--- com.fasterxml.jackson.core:jackson-core:2.13.2 (*)
|    |         +--- com.fasterxml.jackson.core:jackson-databind:2.13.2 -> 2.13.2.1 (*)
|    |         \--- com.fasterxml.jackson:jackson-bom:2.13.2 -> 2.13.2.1 (*)
|    +--- org.springframework.boot:spring-boot-starter-tomcat:2.6.7
|    |    +--- jakarta.annotation:jakarta.annotation-api:1.3.5
|    |    +--- org.apache.tomcat.embed:tomcat-embed-core:9.0.62
|    |    +--- org.apache.tomcat.embed:tomcat-embed-el:9.0.62
|    |    \--- org.apache.tomcat.embed:tomcat-embed-websocket:9.0.62
|    |         \--- org.apache.tomcat.embed:tomcat-embed-core:9.0.62
|    +--- org.springframework:spring-web:5.3.19 (*)
|    \--- org.springframework:spring-webmvc:5.3.19
|         +--- org.springframework:spring-aop:5.3.19 -> 5.3.22 (*)
|         +--- org.springframework:spring-beans:5.3.19 -> 5.3.22 (*)
|         +--- org.springframework:spring-context:5.3.19 -> 5.3.22 (*)
|         +--- org.springframework:spring-core:5.3.19 -> 5.3.22 (*)
|         +--- org.springframework:spring-expression:5.3.19 -> 5.3.22 (*)
|         \--- org.springframework:spring-web:5.3.19 (*)
+--- org.springframework.boot:spring-boot-starter-test:2.6.7
|    +--- org.springframework.boot:spring-boot-starter:2.6.7 (*)
|    +--- org.springframework.boot:spring-boot-test:2.6.7
|    |    \--- org.springframework.boot:spring-boot:2.6.7 (*)
|    +--- org.springframework.boot:spring-boot-test-autoconfigure:2.6.7
|    |    +--- org.springframework.boot:spring-boot:2.6.7 (*)
|    |    +--- org.springframework.boot:spring-boot-test:2.6.7 (*)
|    |    \--- org.springframework.boot:spring-boot-autoconfigure:2.6.7 (*)
|    +--- com.jayway.jsonpath:json-path:2.6.0
|    |    +--- net.minidev:json-smart:2.4.7
|    |    |    \--- net.minidev:accessors-smart:2.4.7
|    |    |         \--- org.ow2.asm:asm:9.1
|    |    \--- org.slf4j:slf4j-api:1.7.30 -> 1.7.36
|    +--- jakarta.xml.bind:jakarta.xml.bind-api:2.3.3
|    |    \--- jakarta.activation:jakarta.activation-api:1.2.2
|    +--- org.assertj:assertj-core:3.21.0
|    +--- org.hamcrest:hamcrest:2.2
|    +--- org.junit.jupiter:junit-jupiter:5.8.2 -> 5.9.0
|    |    +--- org.junit:junit-bom:5.9.0
|    |    |    +--- org.junit.jupiter:junit-jupiter:5.9.0 (c)
|    |    |    +--- org.junit.jupiter:junit-jupiter-api:5.9.0 (c)
|    |    |    +--- org.junit.jupiter:junit-jupiter-params:5.9.0 (c)
|    |    |    \--- org.junit.platform:junit-platform-commons:1.9.0 (c)
|    |    +--- org.junit.jupiter:junit-jupiter-api:5.9.0
|    |    |    +--- org.junit:junit-bom:5.9.0 (*)
|    |    |    +--- org.opentest4j:opentest4j:1.2.0
|    |    |    +--- org.junit.platform:junit-platform-commons:1.9.0
|    |    |    |    +--- org.junit:junit-bom:5.9.0 (*)
|    |    |    |    \--- org.apiguardian:apiguardian-api:1.1.2
|    |    |    \--- org.apiguardian:apiguardian-api:1.1.2
|    |    \--- org.junit.jupiter:junit-jupiter-params:5.9.0
|    |         +--- org.junit:junit-bom:5.9.0 (*)
|    |         +--- org.junit.jupiter:junit-jupiter-api:5.9.0 (*)
|    |         \--- org.apiguardian:apiguardian-api:1.1.2
|    +--- org.mockito:mockito-core:4.0.0
|    |    +--- net.bytebuddy:byte-buddy:1.11.19
|    |    \--- net.bytebuddy:byte-buddy-agent:1.11.19
|    +--- org.mockito:mockito-junit-jupiter:4.0.0
|    |    \--- org.mockito:mockito-core:4.0.0 (*)
|    +--- org.skyscreamer:jsonassert:1.5.0
|    |    \--- com.vaadin.external.google:android-json:0.0.20131108.vaadin1
|    +--- org.springframework:spring-core:5.3.19 -> 5.3.22 (*)
|    +--- org.springframework:spring-test:5.3.19 -> 5.3.22
|    |    \--- org.springframework:spring-core:5.3.22 (*)
|    \--- org.xmlunit:xmlunit-core:2.8.4
+--- org.springframework.boot:spring-boot-starter-actuator:2.6.7
|    +--- org.springframework.boot:spring-boot-starter:2.6.7 (*)
|    +--- org.springframework.boot:spring-boot-actuator-autoconfigure:2.6.7
|    |    +--- org.springframework.boot:spring-boot-actuator:2.6.7
|    |    |    \--- org.springframework.boot:spring-boot:2.6.7 (*)
|    |    +--- org.springframework.boot:spring-boot:2.6.7 (*)
|    |    \--- org.springframework.boot:spring-boot-autoconfigure:2.6.7 (*)
|    \--- io.micrometer:micrometer-core:1.8.5
|         \--- org.hdrhistogram:HdrHistogram:2.1.12
+--- org.everit.json:org.everit.json.schema:1.3.0
|    +--- org.json:json:20160212
|    +--- com.google.guava:guava:19.0
|    \--- commons-validator:commons-validator:1.5.0
|         +--- commons-beanutils:commons-beanutils:1.9.2
|         |    +--- commons-logging:commons-logging:1.1.1 -> 1.2
|         |    \--- commons-collections:commons-collections:3.2.1 -> 3.2.2
|         +--- commons-digester:commons-digester:1.8.1
|         +--- commons-logging:commons-logging:1.2
|         \--- commons-collections:commons-collections:3.2.2
+--- jakarta.validation:jakarta.validation-api:2.0.2
+--- org.hibernate:hibernate-validator:5.2.4.Final -> 6.2.2.Final
|    \--- org.hibernate.validator:hibernate-validator:6.2.2.Final
|         +--- jakarta.validation:jakarta.validation-api:2.0.2
|         +--- org.jboss.logging:jboss-logging:3.4.1.Final
|         \--- com.fasterxml:classmate:1.5.1
+--- javax.el:javax.el-api:2.2.4
+--- org.springframework.kafka:spring-kafka:2.9.0
|    +--- org.springframework:spring-context:5.3.22 (*)
|    +--- org.springframework:spring-messaging:5.3.22
|    |    +--- org.springframework:spring-beans:5.3.22 (*)
|    |    \--- org.springframework:spring-core:5.3.22 (*)
|    +--- org.springframework:spring-tx:5.3.22
|    |    +--- org.springframework:spring-beans:5.3.22 (*)
|    |    \--- org.springframework:spring-core:5.3.22 (*)
|    +--- org.springframework.retry:spring-retry:1.3.3
|    \--- org.apache.kafka:kafka-clients:3.2.0
+--- org.springframework.kafka:spring-kafka-test:2.9.0
|    +--- org.springframework:spring-context:5.3.22 (*)
|    +--- org.springframework:spring-test:5.3.22 (*)
|    +--- org.springframework.retry:spring-retry:1.3.3
|    +--- org.apache.zookeeper:zookeeper:3.6.3
|    |    +--- org.apache.zookeeper:zookeeper-jute:3.6.3
|    |    |    \--- org.apache.yetus:audience-annotations:0.5.0
|    |    +--- org.apache.yetus:audience-annotations:0.5.0
|    |    +--- io.netty:netty-handler:4.1.63.Final
|    |    |    +--- io.netty:netty-common:4.1.63.Final
|    |    |    +--- io.netty:netty-resolver:4.1.63.Final
|    |    |    |    \--- io.netty:netty-common:4.1.63.Final
|    |    |    +--- io.netty:netty-buffer:4.1.63.Final
|    |    |    |    \--- io.netty:netty-common:4.1.63.Final
|    |    |    +--- io.netty:netty-transport:4.1.63.Final
|    |    |    |    +--- io.netty:netty-common:4.1.63.Final
|    |    |    |    +--- io.netty:netty-buffer:4.1.63.Final (*)
|    |    |    |    \--- io.netty:netty-resolver:4.1.63.Final (*)
|    |    |    \--- io.netty:netty-codec:4.1.63.Final
|    |    |         +--- io.netty:netty-common:4.1.63.Final
|    |    |         +--- io.netty:netty-buffer:4.1.63.Final (*)
|    |    |         \--- io.netty:netty-transport:4.1.63.Final (*)
|    |    +--- io.netty:netty-transport-native-epoll:4.1.63.Final
|    |    |    +--- io.netty:netty-common:4.1.63.Final
|    |    |    +--- io.netty:netty-buffer:4.1.63.Final (*)
|    |    |    +--- io.netty:netty-transport:4.1.63.Final (*)
|    |    |    \--- io.netty:netty-transport-native-unix-common:4.1.63.Final
|    |    |         +--- io.netty:netty-common:4.1.63.Final
|    |    |         +--- io.netty:netty-buffer:4.1.63.Final (*)
|    |    |         \--- io.netty:netty-transport:4.1.63.Final (*)
|    |    \--- org.slf4j:slf4j-api:1.7.25 -> 1.7.36
|    +--- org.apache.kafka:kafka-clients:3.2.0
|    +--- org.apache.kafka:kafka-metadata:3.2.0
|    +--- org.apache.kafka:kafka-streams-test-utils:3.2.0
|    |    +--- org.apache.kafka:kafka-streams:3.2.0
|    |    |    +--- org.apache.kafka:kafka-clients:3.2.0
|    |    |    \--- org.rocksdb:rocksdbjni:6.29.4.1
|    |    \--- org.apache.kafka:kafka-clients:3.2.0
|    +--- org.apache.kafka:kafka_2.13:3.2.0
|    |    +--- org.apache.kafka:kafka-clients:3.2.0
|    |    \--- org.scala-lang:scala-library:2.13.8
|    \--- org.junit.jupiter:junit-jupiter-api:5.8.2 -> 5.9.0 (*)
+--- org.openapitools:jackson-databind-nullable:0.2.0
|    \--- com.fasterxml.jackson.core:jackson-databind:2.9.5 -> 2.13.2.1 (*)
+--- org.hibernate:hibernate-validator:6.2.2.Final (*)
\--- org.junit.jupiter:junit-jupiter:5.9.0 (*)

testCompileOnly - Compile only dependencies for source set 'test'. (n)
No dependencies

testImplementation - Implementation only dependencies for source set 'test'. (n)
\--- org.junit.jupiter:junit-jupiter:5.9.0 (n)

testResultsElementsForTest - Directory containing binary results of running tests for the test Test Suite's test target. (n)
No dependencies

testRuntimeClasspath - Runtime classpath of source set 'test'.
+--- com.fasterxml.jackson.core:jackson-databind:2.13.0 -> 2.13.2.1
|    +--- com.fasterxml.jackson.core:jackson-annotations:2.13.2
|    |    \--- com.fasterxml.jackson:jackson-bom:2.13.2 -> 2.13.2.1
|    |         +--- com.fasterxml.jackson.core:jackson-annotations:2.13.2 (c)
|    |         +--- com.fasterxml.jackson.core:jackson-core:2.13.2 (c)
|    |         +--- com.fasterxml.jackson.core:jackson-databind:2.13.2.1 (c)
|    |         +--- com.fasterxml.jackson.dataformat:jackson-dataformat-csv:2.13.2 (c)
|    |         +--- com.fasterxml.jackson.datatype:jackson-datatype-jdk8:2.13.2 (c)
|    |         +--- com.fasterxml.jackson.datatype:jackson-datatype-jsr310:2.13.2 (c)
|    |         +--- com.fasterxml.jackson.module:jackson-module-parameter-names:2.13.2 (c)
|    |         \--- com.fasterxml.jackson.module:jackson-module-scala_2.13:2.13.2 (c)
|    +--- com.fasterxml.jackson.core:jackson-core:2.13.2
|    |    \--- com.fasterxml.jackson:jackson-bom:2.13.2 -> 2.13.2.1 (*)
|    \--- com.fasterxml.jackson:jackson-bom:2.13.2.1 (*)
+--- org.springframework.boot:spring-boot-starter-web:2.6.7
|    +--- org.springframework.boot:spring-boot-starter:2.6.7
|    |    +--- org.springframework.boot:spring-boot:2.6.7
|    |    |    +--- org.springframework:spring-core:5.3.19 -> 5.3.22
|    |    |    |    \--- org.springframework:spring-jcl:5.3.22
|    |    |    \--- org.springframework:spring-context:5.3.19 -> 5.3.22
|    |    |         +--- org.springframework:spring-aop:5.3.22
|    |    |         |    +--- org.springframework:spring-beans:5.3.22
|    |    |         |    |    \--- org.springframework:spring-core:5.3.22 (*)
|    |    |         |    \--- org.springframework:spring-core:5.3.22 (*)
|    |    |         +--- org.springframework:spring-beans:5.3.22 (*)
|    |    |         +--- org.springframework:spring-core:5.3.22 (*)
|    |    |         \--- org.springframework:spring-expression:5.3.22
|    |    |              \--- org.springframework:spring-core:5.3.22 (*)
|    |    +--- org.springframework.boot:spring-boot-autoconfigure:2.6.7
|    |    |    \--- org.springframework.boot:spring-boot:2.6.7 (*)
|    |    +--- org.springframework.boot:spring-boot-starter-logging:2.6.7
|    |    |    +--- ch.qos.logback:logback-classic:1.2.11
|    |    |    |    +--- ch.qos.logback:logback-core:1.2.11
|    |    |    |    \--- org.slf4j:slf4j-api:1.7.32 -> 1.7.36
|    |    |    +--- org.apache.logging.log4j:log4j-to-slf4j:2.17.2
|    |    |    |    +--- org.slf4j:slf4j-api:1.7.35 -> 1.7.36
|    |    |    |    \--- org.apache.logging.log4j:log4j-api:2.17.2
|    |    |    \--- org.slf4j:jul-to-slf4j:1.7.36
|    |    |         \--- org.slf4j:slf4j-api:1.7.36
|    |    +--- jakarta.annotation:jakarta.annotation-api:1.3.5
|    |    +--- org.springframework:spring-core:5.3.19 -> 5.3.22 (*)
|    |    \--- org.yaml:snakeyaml:1.29
|    +--- org.springframework.boot:spring-boot-starter-json:2.6.7
|    |    +--- org.springframework.boot:spring-boot-starter:2.6.7 (*)
|    |    +--- org.springframework:spring-web:5.3.19
|    |    |    +--- org.springframework:spring-beans:5.3.19 -> 5.3.22 (*)
|    |    |    \--- org.springframework:spring-core:5.3.19 -> 5.3.22 (*)
|    |    +--- com.fasterxml.jackson.core:jackson-databind:2.13.2.1 (*)
|    |    +--- com.fasterxml.jackson.datatype:jackson-datatype-jdk8:2.13.2
|    |    |    +--- com.fasterxml.jackson.core:jackson-core:2.13.2 (*)
|    |    |    +--- com.fasterxml.jackson.core:jackson-databind:2.13.2 -> 2.13.2.1 (*)
|    |    |    \--- com.fasterxml.jackson:jackson-bom:2.13.2 -> 2.13.2.1 (*)
|    |    +--- com.fasterxml.jackson.datatype:jackson-datatype-jsr310:2.13.2
|    |    |    +--- com.fasterxml.jackson.core:jackson-annotations:2.13.2 (*)
|    |    |    +--- com.fasterxml.jackson.core:jackson-core:2.13.2 (*)
|    |    |    +--- com.fasterxml.jackson.core:jackson-databind:2.13.2 -> 2.13.2.1 (*)
|    |    |    \--- com.fasterxml.jackson:jackson-bom:2.13.2 -> 2.13.2.1 (*)
|    |    \--- com.fasterxml.jackson.module:jackson-module-parameter-names:2.13.2
|    |         +--- com.fasterxml.jackson.core:jackson-core:2.13.2 (*)
|    |         +--- com.fasterxml.jackson.core:jackson-databind:2.13.2 -> 2.13.2.1 (*)
|    |         \--- com.fasterxml.jackson:jackson-bom:2.13.2 -> 2.13.2.1 (*)
|    +--- org.springframework.boot:spring-boot-starter-tomcat:2.6.7
|    |    +--- jakarta.annotation:jakarta.annotation-api:1.3.5
|    |    +--- org.apache.tomcat.embed:tomcat-embed-core:9.0.62
|    |    +--- org.apache.tomcat.embed:tomcat-embed-el:9.0.62
|    |    \--- org.apache.tomcat.embed:tomcat-embed-websocket:9.0.62
|    |         \--- org.apache.tomcat.embed:tomcat-embed-core:9.0.62
|    +--- org.springframework:spring-web:5.3.19 (*)
|    \--- org.springframework:spring-webmvc:5.3.19
|         +--- org.springframework:spring-aop:5.3.19 -> 5.3.22 (*)
|         +--- org.springframework:spring-beans:5.3.19 -> 5.3.22 (*)
|         +--- org.springframework:spring-context:5.3.19 -> 5.3.22 (*)
|         +--- org.springframework:spring-core:5.3.19 -> 5.3.22 (*)
|         +--- org.springframework:spring-expression:5.3.19 -> 5.3.22 (*)
|         \--- org.springframework:spring-web:5.3.19 (*)
+--- org.springframework.boot:spring-boot-starter-test:2.6.7
|    +--- org.springframework.boot:spring-boot-starter:2.6.7 (*)
|    +--- org.springframework.boot:spring-boot-test:2.6.7
|    |    \--- org.springframework.boot:spring-boot:2.6.7 (*)
|    +--- org.springframework.boot:spring-boot-test-autoconfigure:2.6.7
|    |    +--- org.springframework.boot:spring-boot:2.6.7 (*)
|    |    +--- org.springframework.boot:spring-boot-test:2.6.7 (*)
|    |    \--- org.springframework.boot:spring-boot-autoconfigure:2.6.7 (*)
|    +--- com.jayway.jsonpath:json-path:2.6.0
|    |    +--- net.minidev:json-smart:2.4.7
|    |    |    \--- net.minidev:accessors-smart:2.4.7
|    |    |         \--- org.ow2.asm:asm:9.1
|    |    \--- org.slf4j:slf4j-api:1.7.30 -> 1.7.36
|    +--- jakarta.xml.bind:jakarta.xml.bind-api:2.3.3
|    |    \--- jakarta.activation:jakarta.activation-api:1.2.2
|    +--- org.assertj:assertj-core:3.21.0
|    +--- org.hamcrest:hamcrest:2.2
|    +--- org.junit.jupiter:junit-jupiter:5.8.2 -> 5.9.0
|    |    +--- org.junit:junit-bom:5.9.0
|    |    |    +--- org.junit.jupiter:junit-jupiter:5.9.0 (c)
|    |    |    +--- org.junit.jupiter:junit-jupiter-api:5.9.0 (c)
|    |    |    +--- org.junit.jupiter:junit-jupiter-engine:5.9.0 (c)
|    |    |    +--- org.junit.jupiter:junit-jupiter-params:5.9.0 (c)
|    |    |    +--- org.junit.platform:junit-platform-launcher:1.9.0 (c)
|    |    |    +--- org.junit.platform:junit-platform-commons:1.9.0 (c)
|    |    |    \--- org.junit.platform:junit-platform-engine:1.9.0 (c)
|    |    +--- org.junit.jupiter:junit-jupiter-api:5.9.0
|    |    |    +--- org.junit:junit-bom:5.9.0 (*)
|    |    |    +--- org.opentest4j:opentest4j:1.2.0
|    |    |    \--- org.junit.platform:junit-platform-commons:1.9.0
|    |    |         \--- org.junit:junit-bom:5.9.0 (*)
|    |    +--- org.junit.jupiter:junit-jupiter-params:5.9.0
|    |    |    +--- org.junit:junit-bom:5.9.0 (*)
|    |    |    \--- org.junit.jupiter:junit-jupiter-api:5.9.0 (*)
|    |    \--- org.junit.jupiter:junit-jupiter-engine:5.9.0
|    |         +--- org.junit:junit-bom:5.9.0 (*)
|    |         +--- org.junit.platform:junit-platform-engine:1.9.0
|    |         |    +--- org.junit:junit-bom:5.9.0 (*)
|    |         |    +--- org.opentest4j:opentest4j:1.2.0
|    |         |    \--- org.junit.platform:junit-platform-commons:1.9.0 (*)
|    |         \--- org.junit.jupiter:junit-jupiter-api:5.9.0 (*)
|    +--- org.mockito:mockito-core:4.0.0
|    |    +--- net.bytebuddy:byte-buddy:1.11.19
|    |    +--- net.bytebuddy:byte-buddy-agent:1.11.19
|    |    \--- org.objenesis:objenesis:3.2
|    +--- org.mockito:mockito-junit-jupiter:4.0.0
|    |    +--- org.mockito:mockito-core:4.0.0 (*)
|    |    \--- org.junit.jupiter:junit-jupiter-api:5.8.1 -> 5.9.0 (*)
|    +--- org.skyscreamer:jsonassert:1.5.0
|    |    \--- com.vaadin.external.google:android-json:0.0.20131108.vaadin1
|    +--- org.springframework:spring-core:5.3.19 -> 5.3.22 (*)
|    +--- org.springframework:spring-test:5.3.19 -> 5.3.22
|    |    \--- org.springframework:spring-core:5.3.22 (*)
|    \--- org.xmlunit:xmlunit-core:2.8.4
+--- org.springframework.boot:spring-boot-starter-actuator:2.6.7
|    +--- org.springframework.boot:spring-boot-starter:2.6.7 (*)
|    +--- org.springframework.boot:spring-boot-actuator-autoconfigure:2.6.7
|    |    +--- com.fasterxml.jackson.core:jackson-databind:2.13.2.1 (*)
|    |    +--- com.fasterxml.jackson.datatype:jackson-datatype-jsr310:2.13.2 (*)
|    |    +--- org.springframework.boot:spring-boot-actuator:2.6.7
|    |    |    \--- org.springframework.boot:spring-boot:2.6.7 (*)
|    |    +--- org.springframework.boot:spring-boot:2.6.7 (*)
|    |    \--- org.springframework.boot:spring-boot-autoconfigure:2.6.7 (*)
|    \--- io.micrometer:micrometer-core:1.8.5
|         +--- org.hdrhistogram:HdrHistogram:2.1.12
|         \--- org.latencyutils:LatencyUtils:2.0.3
+--- org.everit.json:org.everit.json.schema:1.3.0
|    +--- org.json:json:20160212
|    +--- com.google.guava:guava:19.0
|    \--- commons-validator:commons-validator:1.5.0
|         +--- commons-beanutils:commons-beanutils:1.9.2
|         |    +--- commons-logging:commons-logging:1.1.1 -> 1.2
|         |    \--- commons-collections:commons-collections:3.2.1 -> 3.2.2
|         +--- commons-digester:commons-digester:1.8.1
|         +--- commons-logging:commons-logging:1.2
|         \--- commons-collections:commons-collections:3.2.2
+--- jakarta.validation:jakarta.validation-api:2.0.2
+--- org.hibernate:hibernate-validator:5.2.4.Final -> 6.2.2.Final
|    \--- org.hibernate.validator:hibernate-validator:6.2.2.Final
|         +--- jakarta.validation:jakarta.validation-api:2.0.2
|         +--- org.jboss.logging:jboss-logging:3.4.1.Final
|         \--- com.fasterxml:classmate:1.5.1
+--- javax.el:javax.el-api:2.2.4
+--- org.springframework.kafka:spring-kafka:2.9.0
|    +--- org.springframework:spring-context:5.3.22 (*)
|    +--- org.springframework:spring-messaging:5.3.22
|    |    +--- org.springframework:spring-beans:5.3.22 (*)
|    |    \--- org.springframework:spring-core:5.3.22 (*)
|    +--- org.springframework:spring-tx:5.3.22
|    |    +--- org.springframework:spring-beans:5.3.22 (*)
|    |    \--- org.springframework:spring-core:5.3.22 (*)
|    +--- org.springframework.retry:spring-retry:1.3.3
|    +--- org.apache.kafka:kafka-clients:3.2.0
|    |    +--- com.github.luben:zstd-jni:1.5.2-1
|    |    +--- org.lz4:lz4-java:1.8.0
|    |    +--- org.xerial.snappy:snappy-java:1.1.8.4
|    |    \--- org.slf4j:slf4j-api:1.7.36
|    \--- com.google.code.findbugs:jsr305:3.0.2
+--- org.springframework.kafka:spring-kafka-test:2.9.0
|    +--- org.springframework:spring-context:5.3.22 (*)
|    +--- org.springframework:spring-test:5.3.22 (*)
|    +--- org.springframework.retry:spring-retry:1.3.3
|    +--- org.apache.zookeeper:zookeeper:3.6.3
|    |    +--- org.apache.zookeeper:zookeeper-jute:3.6.3
|    |    |    \--- org.apache.yetus:audience-annotations:0.5.0
|    |    +--- org.apache.yetus:audience-annotations:0.5.0
|    |    +--- io.netty:netty-handler:4.1.63.Final
|    |    |    +--- io.netty:netty-common:4.1.63.Final
|    |    |    +--- io.netty:netty-resolver:4.1.63.Final
|    |    |    |    \--- io.netty:netty-common:4.1.63.Final
|    |    |    +--- io.netty:netty-buffer:4.1.63.Final
|    |    |    |    \--- io.netty:netty-common:4.1.63.Final
|    |    |    +--- io.netty:netty-transport:4.1.63.Final
|    |    |    |    +--- io.netty:netty-common:4.1.63.Final
|    |    |    |    +--- io.netty:netty-buffer:4.1.63.Final (*)
|    |    |    |    \--- io.netty:netty-resolver:4.1.63.Final (*)
|    |    |    \--- io.netty:netty-codec:4.1.63.Final
|    |    |         +--- io.netty:netty-common:4.1.63.Final
|    |    |         +--- io.netty:netty-buffer:4.1.63.Final (*)
|    |    |         \--- io.netty:netty-transport:4.1.63.Final (*)
|    |    +--- io.netty:netty-transport-native-epoll:4.1.63.Final
|    |    |    +--- io.netty:netty-common:4.1.63.Final
|    |    |    +--- io.netty:netty-buffer:4.1.63.Final (*)
|    |    |    +--- io.netty:netty-transport:4.1.63.Final (*)
|    |    |    \--- io.netty:netty-transport-native-unix-common:4.1.63.Final
|    |    |         +--- io.netty:netty-common:4.1.63.Final
|    |    |         +--- io.netty:netty-buffer:4.1.63.Final (*)
|    |    |         \--- io.netty:netty-transport:4.1.63.Final (*)
|    |    \--- org.slf4j:slf4j-api:1.7.25 -> 1.7.36
|    +--- org.apache.kafka:kafka-clients:3.2.0 (*)
|    +--- org.apache.kafka:kafka-metadata:3.2.0
|    |    +--- org.apache.kafka:kafka-server-common:3.2.0
|    |    |    +--- org.slf4j:slf4j-api:1.7.36
|    |    |    \--- org.apache.kafka:kafka-clients:3.2.0 (*)
|    |    +--- org.apache.kafka:kafka-clients:3.2.0 (*)
|    |    +--- org.apache.kafka:kafka-raft:3.2.0
|    |    |    +--- org.apache.kafka:kafka-server-common:3.2.0 (*)
|    |    |    +--- org.apache.kafka:kafka-clients:3.2.0 (*)
|    |    |    +--- org.slf4j:slf4j-api:1.7.36
|    |    |    \--- com.fasterxml.jackson.core:jackson-databind:2.12.6.1 -> 2.13.2.1 (*)
|    |    +--- com.fasterxml.jackson.core:jackson-databind:2.12.6.1 -> 2.13.2.1 (*)
|    |    +--- com.fasterxml.jackson.datatype:jackson-datatype-jdk8:2.12.6 -> 2.13.2 (*)
|    |    \--- com.yammer.metrics:metrics-core:2.2.0
|    |         \--- org.slf4j:slf4j-api:1.7.2 -> 1.7.36
|    +--- org.apache.kafka:kafka-streams-test-utils:3.2.0
|    |    +--- org.slf4j:slf4j-api:1.7.36
|    |    +--- org.apache.kafka:kafka-streams:3.2.0
|    |    |    +--- org.slf4j:slf4j-api:1.7.36
|    |    |    +--- com.fasterxml.jackson.core:jackson-annotations:2.12.6 -> 2.13.2 (*)
|    |    |    +--- com.fasterxml.jackson.core:jackson-databind:2.12.6.1 -> 2.13.2.1 (*)
|    |    |    +--- org.apache.kafka:kafka-clients:3.2.0 (*)
|    |    |    \--- org.rocksdb:rocksdbjni:6.29.4.1
|    |    \--- org.apache.kafka:kafka-clients:3.2.0 (*)
|    +--- org.apache.kafka:kafka_2.13:3.2.0
|    |    +--- org.apache.kafka:kafka-server-common:3.2.0 (*)
|    |    +--- org.apache.kafka:kafka-metadata:3.2.0 (*)
|    |    +--- org.apache.kafka:kafka-raft:3.2.0 (*)
|    |    +--- org.apache.kafka:kafka-storage:3.2.0
|    |    |    +--- org.apache.kafka:kafka-storage-api:3.2.0
|    |    |    |    +--- org.apache.kafka:kafka-clients:3.2.0 (*)
|    |    |    |    \--- org.slf4j:slf4j-api:1.7.36
|    |    |    +--- org.apache.kafka:kafka-server-common:3.2.0 (*)
|    |    |    +--- org.apache.kafka:kafka-clients:3.2.0 (*)
|    |    |    +--- org.slf4j:slf4j-api:1.7.36
|    |    |    \--- com.fasterxml.jackson.core:jackson-databind:2.12.6.1 -> 2.13.2.1 (*)
|    |    +--- net.sourceforge.argparse4j:argparse4j:0.7.0
|    |    +--- com.fasterxml.jackson.core:jackson-databind:2.12.6.1 -> 2.13.2.1 (*)
|    |    +--- com.fasterxml.jackson.module:jackson-module-scala_2.13:2.12.6 -> 2.13.2
|    |    |    +--- org.scala-lang:scala-library:2.13.6 -> 2.13.8
|    |    |    +--- com.fasterxml.jackson.core:jackson-core:2.13.2 (*)
|    |    |    +--- com.fasterxml.jackson.core:jackson-annotations:2.13.2 (*)
|    |    |    +--- com.fasterxml.jackson.core:jackson-databind:2.13.2 -> 2.13.2.1 (*)
|    |    |    \--- com.thoughtworks.paranamer:paranamer:2.8
|    |    +--- com.fasterxml.jackson.dataformat:jackson-dataformat-csv:2.12.6 -> 2.13.2
|    |    |    +--- com.fasterxml.jackson.core:jackson-databind:2.13.2 -> 2.13.2.1 (*)
|    |    |    +--- com.fasterxml.jackson.core:jackson-annotations:2.13.2 (*)
|    |    |    +--- com.fasterxml.jackson.core:jackson-core:2.13.2 (*)
|    |    |    \--- com.fasterxml.jackson:jackson-bom:2.13.2 -> 2.13.2.1 (*)
|    |    +--- com.fasterxml.jackson.datatype:jackson-datatype-jdk8:2.12.6 -> 2.13.2 (*)
|    |    +--- net.sf.jopt-simple:jopt-simple:5.0.4
|    |    +--- org.bitbucket.b_c:jose4j:0.7.9
|    |    |    \--- org.slf4j:slf4j-api:1.7.21 -> 1.7.36
|    |    +--- com.yammer.metrics:metrics-core:2.2.0 (*)
|    |    +--- org.scala-lang.modules:scala-collection-compat_2.13:2.6.0
|    |    |    \--- org.scala-lang:scala-library:2.13.7 -> 2.13.8
|    |    +--- org.scala-lang.modules:scala-java8-compat_2.13:1.0.2
|    |    |    \--- org.scala-lang:scala-library:2.13.6 -> 2.13.8
|    |    +--- org.scala-lang:scala-reflect:2.13.8
|    |    |    \--- org.scala-lang:scala-library:2.13.8
|    |    +--- com.typesafe.scala-logging:scala-logging_2.13:3.9.4
|    |    |    +--- org.scala-lang:scala-library:2.13.5 -> 2.13.8
|    |    |    +--- org.scala-lang:scala-reflect:2.13.5 -> 2.13.8 (*)
|    |    |    \--- org.slf4j:slf4j-api:1.7.30 -> 1.7.36
|    |    +--- org.slf4j:slf4j-api:1.7.36
|    |    +--- io.dropwizard.metrics:metrics-core:4.1.12.1
|    |    |    \--- org.slf4j:slf4j-api:1.7.30 -> 1.7.36
|    |    +--- org.apache.zookeeper:zookeeper:3.6.3 (*)
|    |    +--- commons-cli:commons-cli:1.4
|    |    +--- org.apache.kafka:kafka-clients:3.2.0 (*)
|    |    \--- org.scala-lang:scala-library:2.13.8
|    +--- org.junit.jupiter:junit-jupiter-api:5.8.2 -> 5.9.0 (*)
|    \--- com.google.code.findbugs:jsr305:3.0.2
+--- org.openapitools:jackson-databind-nullable:0.2.0
|    \--- com.fasterxml.jackson.core:jackson-databind:2.9.5 -> 2.13.2.1 (*)
+--- org.hibernate:hibernate-validator:6.2.2.Final (*)
+--- org.junit.jupiter:junit-jupiter:5.9.0 (*)
\--- org.junit.platform:junit-platform-launcher -> 1.9.0
     +--- org.junit:junit-bom:5.9.0 (*)
     \--- org.junit.platform:junit-platform-engine:1.9.0 (*)

testRuntimeOnly - Runtime only dependencies for source set 'test'. (n)
\--- org.junit.platform:junit-platform-launcher (n)

(c) - dependency constraint
(*) - dependencies omitted (listed previously)

(n) - Not resolved (configuration is not meant to be resolved)

A web-based, searchable dependency report is available by adding the --scan option.

BUILD SUCCESSFUL in 571ms
1 actionable task: 1 executed
